CRITICAL - 2025-02-23 01:37:37 --> syntax error, unexpected 'public' (T_PUBLIC), expecting end of file
#0 C:\Users\LENOVO\Videos\kasir\system\Autoloader\Autoloader.php(241): CodeIgniter\Autoloader\Autoloader->includeFile('C:\\Users\\LENOVO...')
#1 C:\Users\LENOVO\Videos\kasir\system\Autoloader\Autoloader.php(219): CodeIgniter\Autoloader\Autoloader->loadInNamespace('App\\Models\\M_ka...')
#2 [internal function]: CodeIgniter\Autoloader\Autoloader->loadClass('App\\Models\\M_ka...')
#3 C:\Users\LENOVO\Videos\kasir\app\Controllers\Home.php(23): spl_autoload_call('App\\Models\\M_ka...')
#4 C:\Users\LENOVO\Videos\kasir\system\CodeIgniter.php(832): App\Controllers\Home->aksi_login()
#5 C:\Users\LENOVO\Videos\kasir\system\CodeIgniter.php(419): CodeIgniter\CodeIgniter->runController(Object(App\Controllers\Home))
#6 C:\Users\LENOVO\Videos\kasir\system\CodeIgniter.php(326): CodeIgniter\CodeIgniter->handleRequest(NULL, Object(Config\Cache), false)
#7 C:\Users\LENOVO\Videos\kasir\public\index.php(37): CodeIgniter\CodeIgniter->run()
#8 C:\Users\LENOVO\Videos\kasir\system\Commands\Server\rewrite.php(43): require_once('C:\\Users\\LENOVO...')
#9 {main}
CRITICAL - 2025-02-23 02:12:10 --> syntax error, unexpected 'public' (T_PUBLIC), expecting end of file
#0 C:\Users\LENOVO\Videos\kasir\system\Autoloader\Autoloader.php(241): CodeIgniter\Autoloader\Autoloader->includeFile('C:\\Users\\LENOVO...')
#1 C:\Users\LENOVO\Videos\kasir\system\Autoloader\Autoloader.php(219): CodeIgniter\Autoloader\Autoloader->loadInNamespace('App\\Models\\M_ka...')
#2 [internal function]: CodeIgniter\Autoloader\Autoloader->loadClass('App\\Models\\M_ka...')
#3 C:\Users\LENOVO\Videos\kasir\app\Controllers\Home.php(295): spl_autoload_call('App\\Models\\M_ka...')
#4 C:\Users\LENOVO\Videos\kasir\system\CodeIgniter.php(832): App\Controllers\Home->search()
#5 C:\Users\LENOVO\Videos\kasir\system\CodeIgniter.php(419): CodeIgniter\CodeIgniter->runController(Object(App\Controllers\Home))
#6 C:\Users\LENOVO\Videos\kasir\system\CodeIgniter.php(326): CodeIgniter\CodeIgniter->handleRequest(NULL, Object(Config\Cache), false)
#7 C:\Users\LENOVO\Videos\kasir\public\index.php(37): CodeIgniter\CodeIgniter->run()
#8 C:\Users\LENOVO\Videos\kasir\system\Commands\Server\rewrite.php(43): require_once('C:\\Users\\LENOVO...')
#9 {main}
CRITICAL - 2025-02-23 02:12:10 --> syntax error, unexpected 'public' (T_PUBLIC), expecting end of file
#0 C:\Users\LENOVO\Videos\kasir\system\Autoloader\Autoloader.php(241): CodeIgniter\Autoloader\Autoloader->includeFile('C:\\Users\\LENOVO...')
#1 C:\Users\LENOVO\Videos\kasir\system\Autoloader\Autoloader.php(219): CodeIgniter\Autoloader\Autoloader->loadInNamespace('App\\Models\\M_ka...')
#2 [internal function]: CodeIgniter\Autoloader\Autoloader->loadClass('App\\Models\\M_ka...')
#3 C:\Users\LENOVO\Videos\kasir\app\Controllers\Home.php(295): spl_autoload_call('App\\Models\\M_ka...')
#4 C:\Users\LENOVO\Videos\kasir\system\CodeIgniter.php(832): App\Controllers\Home->search()
#5 C:\Users\LENOVO\Videos\kasir\system\CodeIgniter.php(419): CodeIgniter\CodeIgniter->runController(Object(App\Controllers\Home))
#6 C:\Users\LENOVO\Videos\kasir\system\CodeIgniter.php(326): CodeIgniter\CodeIgniter->handleRequest(NULL, Object(Config\Cache), false)
#7 C:\Users\LENOVO\Videos\kasir\public\index.php(37): CodeIgniter\CodeIgniter->run()
#8 C:\Users\LENOVO\Videos\kasir\system\Commands\Server\rewrite.php(43): require_once('C:\\Users\\LENOVO...')
#9 {main}
CRITICAL - 2025-02-23 02:12:11 --> syntax error, unexpected 'public' (T_PUBLIC), expecting end of file
#0 C:\Users\LENOVO\Videos\kasir\system\Autoloader\Autoloader.php(241): CodeIgniter\Autoloader\Autoloader->includeFile('C:\\Users\\LENOVO...')
#1 C:\Users\LENOVO\Videos\kasir\system\Autoloader\Autoloader.php(219): CodeIgniter\Autoloader\Autoloader->loadInNamespace('App\\Models\\M_ka...')
#2 [internal function]: CodeIgniter\Autoloader\Autoloader->loadClass('App\\Models\\M_ka...')
#3 C:\Users\LENOVO\Videos\kasir\app\Controllers\Home.php(295): spl_autoload_call('App\\Models\\M_ka...')
#4 C:\Users\LENOVO\Videos\kasir\system\CodeIgniter.php(832): App\Controllers\Home->search()
#5 C:\Users\LENOVO\Videos\kasir\system\CodeIgniter.php(419): CodeIgniter\CodeIgniter->runController(Object(App\Controllers\Home))
#6 C:\Users\LENOVO\Videos\kasir\system\CodeIgniter.php(326): CodeIgniter\CodeIgniter->handleRequest(NULL, Object(Config\Cache), false)
#7 C:\Users\LENOVO\Videos\kasir\public\index.php(37): CodeIgniter\CodeIgniter->run()
#8 C:\Users\LENOVO\Videos\kasir\system\Commands\Server\rewrite.php(43): require_once('C:\\Users\\LENOVO...')
#9 {main}
CRITICAL - 2025-02-23 02:12:12 --> syntax error, unexpected 'public' (T_PUBLIC), expecting end of file
#0 C:\Users\LENOVO\Videos\kasir\system\Autoloader\Autoloader.php(241): CodeIgniter\Autoloader\Autoloader->includeFile('C:\\Users\\LENOVO...')
#1 C:\Users\LENOVO\Videos\kasir\system\Autoloader\Autoloader.php(219): CodeIgniter\Autoloader\Autoloader->loadInNamespace('App\\Models\\M_ka...')
#2 [internal function]: CodeIgniter\Autoloader\Autoloader->loadClass('App\\Models\\M_ka...')
#3 C:\Users\LENOVO\Videos\kasir\app\Controllers\Home.php(295): spl_autoload_call('App\\Models\\M_ka...')
#4 C:\Users\LENOVO\Videos\kasir\system\CodeIgniter.php(832): App\Controllers\Home->search()
#5 C:\Users\LENOVO\Videos\kasir\system\CodeIgniter.php(419): CodeIgniter\CodeIgniter->runController(Object(App\Controllers\Home))
#6 C:\Users\LENOVO\Videos\kasir\system\CodeIgniter.php(326): CodeIgniter\CodeIgniter->handleRequest(NULL, Object(Config\Cache), false)
#7 C:\Users\LENOVO\Videos\kasir\public\index.php(37): CodeIgniter\CodeIgniter->run()
#8 C:\Users\LENOVO\Videos\kasir\system\Commands\Server\rewrite.php(43): require_once('C:\\Users\\LENOVO...')
#9 {main}
CRITICAL - 2025-02-23 02:12:13 --> syntax error, unexpected 'public' (T_PUBLIC), expecting end of file
#0 C:\Users\LENOVO\Videos\kasir\system\Autoloader\Autoloader.php(241): CodeIgniter\Autoloader\Autoloader->includeFile('C:\\Users\\LENOVO...')
#1 C:\Users\LENOVO\Videos\kasir\system\Autoloader\Autoloader.php(219): CodeIgniter\Autoloader\Autoloader->loadInNamespace('App\\Models\\M_ka...')
#2 [internal function]: CodeIgniter\Autoloader\Autoloader->loadClass('App\\Models\\M_ka...')
#3 C:\Users\LENOVO\Videos\kasir\app\Controllers\Home.php(295): spl_autoload_call('App\\Models\\M_ka...')
#4 C:\Users\LENOVO\Videos\kasir\system\CodeIgniter.php(832): App\Controllers\Home->search()
#5 C:\Users\LENOVO\Videos\kasir\system\CodeIgniter.php(419): CodeIgniter\CodeIgniter->runController(Object(App\Controllers\Home))
#6 C:\Users\LENOVO\Videos\kasir\system\CodeIgniter.php(326): CodeIgniter\CodeIgniter->handleRequest(NULL, Object(Config\Cache), false)
#7 C:\Users\LENOVO\Videos\kasir\public\index.php(37): CodeIgniter\CodeIgniter->run()
#8 C:\Users\LENOVO\Videos\kasir\system\Commands\Server\rewrite.php(43): require_once('C:\\Users\\LENOVO...')
#9 {main}
CRITICAL - 2025-02-23 02:12:14 --> syntax error, unexpected 'public' (T_PUBLIC), expecting end of file
#0 C:\Users\LENOVO\Videos\kasir\system\Autoloader\Autoloader.php(241): CodeIgniter\Autoloader\Autoloader->includeFile('C:\\Users\\LENOVO...')
#1 C:\Users\LENOVO\Videos\kasir\system\Autoloader\Autoloader.php(219): CodeIgniter\Autoloader\Autoloader->loadInNamespace('App\\Models\\M_ka...')
#2 [internal function]: CodeIgniter\Autoloader\Autoloader->loadClass('App\\Models\\M_ka...')
#3 C:\Users\LENOVO\Videos\kasir\app\Controllers\Home.php(295): spl_autoload_call('App\\Models\\M_ka...')
#4 C:\Users\LENOVO\Videos\kasir\system\CodeIgniter.php(832): App\Controllers\Home->search()
#5 C:\Users\LENOVO\Videos\kasir\system\CodeIgniter.php(419): CodeIgniter\CodeIgniter->runController(Object(App\Controllers\Home))
#6 C:\Users\LENOVO\Videos\kasir\system\CodeIgniter.php(326): CodeIgniter\CodeIgniter->handleRequest(NULL, Object(Config\Cache), false)
#7 C:\Users\LENOVO\Videos\kasir\public\index.php(37): CodeIgniter\CodeIgniter->run()
#8 C:\Users\LENOVO\Videos\kasir\system\Commands\Server\rewrite.php(43): require_once('C:\\Users\\LENOVO...')
#9 {main}
CRITICAL - 2025-02-23 02:12:14 --> syntax error, unexpected 'public' (T_PUBLIC), expecting end of file
#0 C:\Users\LENOVO\Videos\kasir\system\Autoloader\Autoloader.php(241): CodeIgniter\Autoloader\Autoloader->includeFile('C:\\Users\\LENOVO...')
#1 C:\Users\LENOVO\Videos\kasir\system\Autoloader\Autoloader.php(219): CodeIgniter\Autoloader\Autoloader->loadInNamespace('App\\Models\\M_ka...')
#2 [internal function]: CodeIgniter\Autoloader\Autoloader->loadClass('App\\Models\\M_ka...')
#3 C:\Users\LENOVO\Videos\kasir\app\Controllers\Home.php(295): spl_autoload_call('App\\Models\\M_ka...')
#4 C:\Users\LENOVO\Videos\kasir\system\CodeIgniter.php(832): App\Controllers\Home->search()
#5 C:\Users\LENOVO\Videos\kasir\system\CodeIgniter.php(419): CodeIgniter\CodeIgniter->runController(Object(App\Controllers\Home))
#6 C:\Users\LENOVO\Videos\kasir\system\CodeIgniter.php(326): CodeIgniter\CodeIgniter->handleRequest(NULL, Object(Config\Cache), false)
#7 C:\Users\LENOVO\Videos\kasir\public\index.php(37): CodeIgniter\CodeIgniter->run()
#8 C:\Users\LENOVO\Videos\kasir\system\Commands\Server\rewrite.php(43): require_once('C:\\Users\\LENOVO...')
#9 {main}
CRITICAL - 2025-02-23 02:12:15 --> syntax error, unexpected 'public' (T_PUBLIC), expecting end of file
#0 C:\Users\LENOVO\Videos\kasir\system\Autoloader\Autoloader.php(241): CodeIgniter\Autoloader\Autoloader->includeFile('C:\\Users\\LENOVO...')
#1 C:\Users\LENOVO\Videos\kasir\system\Autoloader\Autoloader.php(219): CodeIgniter\Autoloader\Autoloader->loadInNamespace('App\\Models\\M_ka...')
#2 [internal function]: CodeIgniter\Autoloader\Autoloader->loadClass('App\\Models\\M_ka...')
#3 C:\Users\LENOVO\Videos\kasir\app\Controllers\Home.php(295): spl_autoload_call('App\\Models\\M_ka...')
#4 C:\Users\LENOVO\Videos\kasir\system\CodeIgniter.php(832): App\Controllers\Home->search()
#5 C:\Users\LENOVO\Videos\kasir\system\CodeIgniter.php(419): CodeIgniter\CodeIgniter->runController(Object(App\Controllers\Home))
#6 C:\Users\LENOVO\Videos\kasir\system\CodeIgniter.php(326): CodeIgniter\CodeIgniter->handleRequest(NULL, Object(Config\Cache), false)
#7 C:\Users\LENOVO\Videos\kasir\public\index.php(37): CodeIgniter\CodeIgniter->run()
#8 C:\Users\LENOVO\Videos\kasir\system\Commands\Server\rewrite.php(43): require_once('C:\\Users\\LENOVO...')
#9 {main}
CRITICAL - 2025-02-23 02:12:15 --> syntax error, unexpected 'public' (T_PUBLIC), expecting end of file
#0 C:\Users\LENOVO\Videos\kasir\system\Autoloader\Autoloader.php(241): CodeIgniter\Autoloader\Autoloader->includeFile('C:\\Users\\LENOVO...')
#1 C:\Users\LENOVO\Videos\kasir\system\Autoloader\Autoloader.php(219): CodeIgniter\Autoloader\Autoloader->loadInNamespace('App\\Models\\M_ka...')
#2 [internal function]: CodeIgniter\Autoloader\Autoloader->loadClass('App\\Models\\M_ka...')
#3 C:\Users\LENOVO\Videos\kasir\app\Controllers\Home.php(295): spl_autoload_call('App\\Models\\M_ka...')
#4 C:\Users\LENOVO\Videos\kasir\system\CodeIgniter.php(832): App\Controllers\Home->search()
#5 C:\Users\LENOVO\Videos\kasir\system\CodeIgniter.php(419): CodeIgniter\CodeIgniter->runController(Object(App\Controllers\Home))
#6 C:\Users\LENOVO\Videos\kasir\system\CodeIgniter.php(326): CodeIgniter\CodeIgniter->handleRequest(NULL, Object(Config\Cache), false)
#7 C:\Users\LENOVO\Videos\kasir\public\index.php(37): CodeIgniter\CodeIgniter->run()
#8 C:\Users\LENOVO\Videos\kasir\system\Commands\Server\rewrite.php(43): require_once('C:\\Users\\LENOVO...')
#9 {main}
CRITICAL - 2025-02-23 02:12:15 --> syntax error, unexpected 'public' (T_PUBLIC), expecting end of file
#0 C:\Users\LENOVO\Videos\kasir\system\Autoloader\Autoloader.php(241): CodeIgniter\Autoloader\Autoloader->includeFile('C:\\Users\\LENOVO...')
#1 C:\Users\LENOVO\Videos\kasir\system\Autoloader\Autoloader.php(219): CodeIgniter\Autoloader\Autoloader->loadInNamespace('App\\Models\\M_ka...')
#2 [internal function]: CodeIgniter\Autoloader\Autoloader->loadClass('App\\Models\\M_ka...')
#3 C:\Users\LENOVO\Videos\kasir\app\Controllers\Home.php(295): spl_autoload_call('App\\Models\\M_ka...')
#4 C:\Users\LENOVO\Videos\kasir\system\CodeIgniter.php(832): App\Controllers\Home->search()
#5 C:\Users\LENOVO\Videos\kasir\system\CodeIgniter.php(419): CodeIgniter\CodeIgniter->runController(Object(App\Controllers\Home))
#6 C:\Users\LENOVO\Videos\kasir\system\CodeIgniter.php(326): CodeIgniter\CodeIgniter->handleRequest(NULL, Object(Config\Cache), false)
#7 C:\Users\LENOVO\Videos\kasir\public\index.php(37): CodeIgniter\CodeIgniter->run()
#8 C:\Users\LENOVO\Videos\kasir\system\Commands\Server\rewrite.php(43): require_once('C:\\Users\\LENOVO...')
#9 {main}
CRITICAL - 2025-02-23 02:12:16 --> syntax error, unexpected 'public' (T_PUBLIC), expecting end of file
#0 C:\Users\LENOVO\Videos\kasir\system\Autoloader\Autoloader.php(241): CodeIgniter\Autoloader\Autoloader->includeFile('C:\\Users\\LENOVO...')
#1 C:\Users\LENOVO\Videos\kasir\system\Autoloader\Autoloader.php(219): CodeIgniter\Autoloader\Autoloader->loadInNamespace('App\\Models\\M_ka...')
#2 [internal function]: CodeIgniter\Autoloader\Autoloader->loadClass('App\\Models\\M_ka...')
#3 C:\Users\LENOVO\Videos\kasir\app\Controllers\Home.php(295): spl_autoload_call('App\\Models\\M_ka...')
#4 C:\Users\LENOVO\Videos\kasir\system\CodeIgniter.php(832): App\Controllers\Home->search()
#5 C:\Users\LENOVO\Videos\kasir\system\CodeIgniter.php(419): CodeIgniter\CodeIgniter->runController(Object(App\Controllers\Home))
#6 C:\Users\LENOVO\Videos\kasir\system\CodeIgniter.php(326): CodeIgniter\CodeIgniter->handleRequest(NULL, Object(Config\Cache), false)
#7 C:\Users\LENOVO\Videos\kasir\public\index.php(37): CodeIgniter\CodeIgniter->run()
#8 C:\Users\LENOVO\Videos\kasir\system\Commands\Server\rewrite.php(43): require_once('C:\\Users\\LENOVO...')
#9 {main}
CRITICAL - 2025-02-23 02:16:34 --> syntax error, unexpected 'public' (T_PUBLIC), expecting end of file
#0 C:\Users\LENOVO\Videos\kasir\system\Autoloader\Autoloader.php(241): CodeIgniter\Autoloader\Autoloader->includeFile('C:\\Users\\LENOVO...')
#1 C:\Users\LENOVO\Videos\kasir\system\Autoloader\Autoloader.php(219): CodeIgniter\Autoloader\Autoloader->loadInNamespace('App\\Models\\M_ka...')
#2 [internal function]: CodeIgniter\Autoloader\Autoloader->loadClass('App\\Models\\M_ka...')
#3 C:\Users\LENOVO\Videos\kasir\app\Controllers\Home.php(295): spl_autoload_call('App\\Models\\M_ka...')
#4 C:\Users\LENOVO\Videos\kasir\system\CodeIgniter.php(832): App\Controllers\Home->search()
#5 C:\Users\LENOVO\Videos\kasir\system\CodeIgniter.php(419): CodeIgniter\CodeIgniter->runController(Object(App\Controllers\Home))
#6 C:\Users\LENOVO\Videos\kasir\system\CodeIgniter.php(326): CodeIgniter\CodeIgniter->handleRequest(NULL, Object(Config\Cache), false)
#7 C:\Users\LENOVO\Videos\kasir\public\index.php(37): CodeIgniter\CodeIgniter->run()
#8 C:\Users\LENOVO\Videos\kasir\system\Commands\Server\rewrite.php(43): require_once('C:\\Users\\LENOVO...')
#9 {main}
CRITICAL - 2025-02-23 02:16:52 --> syntax error, unexpected 'public' (T_PUBLIC), expecting end of file
#0 C:\Users\LENOVO\Videos\kasir\system\Autoloader\Autoloader.php(241): CodeIgniter\Autoloader\Autoloader->includeFile('C:\\Users\\LENOVO...')
#1 C:\Users\LENOVO\Videos\kasir\system\Autoloader\Autoloader.php(219): CodeIgniter\Autoloader\Autoloader->loadInNamespace('App\\Models\\M_ka...')
#2 [internal function]: CodeIgniter\Autoloader\Autoloader->loadClass('App\\Models\\M_ka...')
#3 C:\Users\LENOVO\Videos\kasir\app\Controllers\Home.php(295): spl_autoload_call('App\\Models\\M_ka...')
#4 C:\Users\LENOVO\Videos\kasir\system\CodeIgniter.php(832): App\Controllers\Home->search()
#5 C:\Users\LENOVO\Videos\kasir\system\CodeIgniter.php(419): CodeIgniter\CodeIgniter->runController(Object(App\Controllers\Home))
#6 C:\Users\LENOVO\Videos\kasir\system\CodeIgniter.php(326): CodeIgniter\CodeIgniter->handleRequest(NULL, Object(Config\Cache), false)
#7 C:\Users\LENOVO\Videos\kasir\public\index.php(37): CodeIgniter\CodeIgniter->run()
#8 C:\Users\LENOVO\Videos\kasir\system\Commands\Server\rewrite.php(43): require_once('C:\\Users\\LENOVO...')
#9 {main}
CRITICAL - 2025-02-23 02:17:18 --> syntax error, unexpected '}', expecting end of file
#0 C:\Users\LENOVO\Videos\kasir\system\Autoloader\Autoloader.php(241): CodeIgniter\Autoloader\Autoloader->includeFile('C:\\Users\\LENOVO...')
#1 C:\Users\LENOVO\Videos\kasir\system\Autoloader\Autoloader.php(219): CodeIgniter\Autoloader\Autoloader->loadInNamespace('App\\Models\\M_ka...')
#2 [internal function]: CodeIgniter\Autoloader\Autoloader->loadClass('App\\Models\\M_ka...')
#3 C:\Users\LENOVO\Videos\kasir\app\Controllers\Home.php(295): spl_autoload_call('App\\Models\\M_ka...')
#4 C:\Users\LENOVO\Videos\kasir\system\CodeIgniter.php(832): App\Controllers\Home->search()
#5 C:\Users\LENOVO\Videos\kasir\system\CodeIgniter.php(419): CodeIgniter\CodeIgniter->runController(Object(App\Controllers\Home))
#6 C:\Users\LENOVO\Videos\kasir\system\CodeIgniter.php(326): CodeIgniter\CodeIgniter->handleRequest(NULL, Object(Config\Cache), false)
#7 C:\Users\LENOVO\Videos\kasir\public\index.php(37): CodeIgniter\CodeIgniter->run()
#8 C:\Users\LENOVO\Videos\kasir\system\Commands\Server\rewrite.php(43): require_once('C:\\Users\\LENOVO...')
#9 {main}
CRITICAL - 2025-02-23 03:45:12 --> Invalid argument supplied for foreach()
#0 C:\Users\LENOVO\Videos\kasir\app\Views\transaksi.php(160): CodeIgniter\Debug\Exceptions->errorHandler(2, 'Invalid argumen...', 'C:\\Users\\LENOVO...', 160, Array)
#1 C:\Users\LENOVO\Videos\kasir\system\View\View.php(210): include('C:\\Users\\LENOVO...')
#2 C:\Users\LENOVO\Videos\kasir\system\View\View.php(213): CodeIgniter\View\View->CodeIgniter\View\{closure}()
#3 C:\Users\LENOVO\Videos\kasir\system\Common.php(1089): CodeIgniter\View\View->render('transaksi', Array, true)
#4 C:\Users\LENOVO\Videos\kasir\app\Controllers\Home.php(290): view('transaksi')
#5 C:\Users\LENOVO\Videos\kasir\system\CodeIgniter.php(832): App\Controllers\Home->transaksi()
#6 C:\Users\LENOVO\Videos\kasir\system\CodeIgniter.php(419): CodeIgniter\CodeIgniter->runController(Object(App\Controllers\Home))
#7 C:\Users\LENOVO\Videos\kasir\system\CodeIgniter.php(326): CodeIgniter\CodeIgniter->handleRequest(NULL, Object(Config\Cache), false)
#8 C:\Users\LENOVO\Videos\kasir\public\index.php(37): CodeIgniter\CodeIgniter->run()
#9 C:\Users\LENOVO\Videos\kasir\system\Commands\Server\rewrite.php(43): require_once('C:\\Users\\LENOVO...')
#10 {main}
CRITICAL - 2025-02-23 03:45:35 --> Invalid argument supplied for foreach()
#0 C:\Users\LENOVO\Videos\kasir\app\Views\transaksi.php(160): CodeIgniter\Debug\Exceptions->errorHandler(2, 'Invalid argumen...', 'C:\\Users\\LENOVO...', 160, Array)
#1 C:\Users\LENOVO\Videos\kasir\system\View\View.php(210): include('C:\\Users\\LENOVO...')
#2 C:\Users\LENOVO\Videos\kasir\system\View\View.php(213): CodeIgniter\View\View->CodeIgniter\View\{closure}()
#3 C:\Users\LENOVO\Videos\kasir\system\Common.php(1089): CodeIgniter\View\View->render('transaksi', Array, true)
#4 C:\Users\LENOVO\Videos\kasir\app\Controllers\Home.php(290): view('transaksi')
#5 C:\Users\LENOVO\Videos\kasir\system\CodeIgniter.php(832): App\Controllers\Home->transaksi()
#6 C:\Users\LENOVO\Videos\kasir\system\CodeIgniter.php(419): CodeIgniter\CodeIgniter->runController(Object(App\Controllers\Home))
#7 C:\Users\LENOVO\Videos\kasir\system\CodeIgniter.php(326): CodeIgniter\CodeIgniter->handleRequest(NULL, Object(Config\Cache), false)
#8 C:\Users\LENOVO\Videos\kasir\public\index.php(37): CodeIgniter\CodeIgniter->run()
#9 C:\Users\LENOVO\Videos\kasir\system\Commands\Server\rewrite.php(43): require_once('C:\\Users\\LENOVO...')
#10 {main}
CRITICAL - 2025-02-23 04:28:33 --> syntax error, unexpected '}', expecting end of file
#0 C:\Users\LENOVO\Videos\kasir\system\Router\Router.php(175): CodeIgniter\Router\Router->autoRoute('home/transaksi')
#1 C:\Users\LENOVO\Videos\kasir\system\CodeIgniter.php(726): CodeIgniter\Router\Router->handle('home/transaksi')
#2 C:\Users\LENOVO\Videos\kasir\system\CodeIgniter.php(368): CodeIgniter\CodeIgniter->tryToRouteIt(Object(CodeIgniter\Router\RouteCollection))
#3 C:\Users\LENOVO\Videos\kasir\system\CodeIgniter.php(326): CodeIgniter\CodeIgniter->handleRequest(NULL, Object(Config\Cache), false)
#4 C:\Users\LENOVO\Videos\kasir\public\index.php(37): CodeIgniter\CodeIgniter->run()
#5 C:\Users\LENOVO\Videos\kasir\system\Commands\Server\rewrite.php(43): require_once('C:\\Users\\LENOVO...')
#6 {main}
CRITICAL - 2025-02-23 04:40:28 --> Class 'App\Models\M_Nota' not found
#0 C:\Users\LENOVO\Videos\kasir\system\CodeIgniter.php(832): App\Controllers\Home->saveTransaksi()
#1 C:\Users\LENOVO\Videos\kasir\system\CodeIgniter.php(419): CodeIgniter\CodeIgniter->runController(Object(App\Controllers\Home))
#2 C:\Users\LENOVO\Videos\kasir\system\CodeIgniter.php(326): CodeIgniter\CodeIgniter->handleRequest(NULL, Object(Config\Cache), false)
#3 C:\Users\LENOVO\Videos\kasir\public\index.php(37): CodeIgniter\CodeIgniter->run()
#4 C:\Users\LENOVO\Videos\kasir\system\Commands\Server\rewrite.php(43): require_once('C:\\Users\\LENOVO...')
#5 {main}
CRITICAL - 2025-02-23 04:44:19 --> Class 'App\Models\M_Nota' not found
#0 C:\Users\LENOVO\Videos\kasir\system\CodeIgniter.php(832): App\Controllers\Home->saveTransaksi()
#1 C:\Users\LENOVO\Videos\kasir\system\CodeIgniter.php(419): CodeIgniter\CodeIgniter->runController(Object(App\Controllers\Home))
#2 C:\Users\LENOVO\Videos\kasir\system\CodeIgniter.php(326): CodeIgniter\CodeIgniter->handleRequest(NULL, Object(Config\Cache), false)
#3 C:\Users\LENOVO\Videos\kasir\public\index.php(37): CodeIgniter\CodeIgniter->run()
#4 C:\Users\LENOVO\Videos\kasir\system\Commands\Server\rewrite.php(43): require_once('C:\\Users\\LENOVO...')
#5 {main}
CRITICAL - 2025-02-23 04:44:49 --> Class 'App\Models\M_Nota' not found
#0 C:\Users\LENOVO\Videos\kasir\system\CodeIgniter.php(832): App\Controllers\Home->saveTransaksi()
#1 C:\Users\LENOVO\Videos\kasir\system\CodeIgniter.php(419): CodeIgniter\CodeIgniter->runController(Object(App\Controllers\Home))
#2 C:\Users\LENOVO\Videos\kasir\system\CodeIgniter.php(326): CodeIgniter\CodeIgniter->handleRequest(NULL, Object(Config\Cache), false)
#3 C:\Users\LENOVO\Videos\kasir\public\index.php(37): CodeIgniter\CodeIgniter->run()
#4 C:\Users\LENOVO\Videos\kasir\system\Commands\Server\rewrite.php(43): require_once('C:\\Users\\LENOVO...')
#5 {main}
CRITICAL - 2025-02-23 04:44:57 --> Class 'App\Models\M_Nota' not found
#0 C:\Users\LENOVO\Videos\kasir\system\CodeIgniter.php(832): App\Controllers\Home->saveTransaksi()
#1 C:\Users\LENOVO\Videos\kasir\system\CodeIgniter.php(419): CodeIgniter\CodeIgniter->runController(Object(App\Controllers\Home))
#2 C:\Users\LENOVO\Videos\kasir\system\CodeIgniter.php(326): CodeIgniter\CodeIgniter->handleRequest(NULL, Object(Config\Cache), false)
#3 C:\Users\LENOVO\Videos\kasir\public\index.php(37): CodeIgniter\CodeIgniter->run()
#4 C:\Users\LENOVO\Videos\kasir\system\Commands\Server\rewrite.php(43): require_once('C:\\Users\\LENOVO...')
#5 {main}
CRITICAL - 2025-02-23 04:45:09 --> Class 'App\Models\M_Nota' not found
#0 C:\Users\LENOVO\Videos\kasir\system\CodeIgniter.php(832): App\Controllers\Home->saveTransaksi()
#1 C:\Users\LENOVO\Videos\kasir\system\CodeIgniter.php(419): CodeIgniter\CodeIgniter->runController(Object(App\Controllers\Home))
#2 C:\Users\LENOVO\Videos\kasir\system\CodeIgniter.php(326): CodeIgniter\CodeIgniter->handleRequest(NULL, Object(Config\Cache), false)
#3 C:\Users\LENOVO\Videos\kasir\public\index.php(37): CodeIgniter\CodeIgniter->run()
#4 C:\Users\LENOVO\Videos\kasir\system\Commands\Server\rewrite.php(43): require_once('C:\\Users\\LENOVO...')
#5 {main}
CRITICAL - 2025-02-23 04:46:33 --> Class 'App\Models\M_Nota' not found
#0 C:\Users\LENOVO\Videos\kasir\system\CodeIgniter.php(832): App\Controllers\Home->saveTransaksi()
#1 C:\Users\LENOVO\Videos\kasir\system\CodeIgniter.php(419): CodeIgniter\CodeIgniter->runController(Object(App\Controllers\Home))
#2 C:\Users\LENOVO\Videos\kasir\system\CodeIgniter.php(326): CodeIgniter\CodeIgniter->handleRequest(NULL, Object(Config\Cache), false)
#3 C:\Users\LENOVO\Videos\kasir\public\index.php(37): CodeIgniter\CodeIgniter->run()
#4 C:\Users\LENOVO\Videos\kasir\system\Commands\Server\rewrite.php(43): require_once('C:\\Users\\LENOVO...')
#5 {main}
CRITICAL - 2025-02-23 04:46:41 --> Class 'App\Models\M_Nota' not found
#0 C:\Users\LENOVO\Videos\kasir\system\CodeIgniter.php(832): App\Controllers\Home->saveTransaksi()
#1 C:\Users\LENOVO\Videos\kasir\system\CodeIgniter.php(419): CodeIgniter\CodeIgniter->runController(Object(App\Controllers\Home))
#2 C:\Users\LENOVO\Videos\kasir\system\CodeIgniter.php(326): CodeIgniter\CodeIgniter->handleRequest(NULL, Object(Config\Cache), false)
#3 C:\Users\LENOVO\Videos\kasir\public\index.php(37): CodeIgniter\CodeIgniter->run()
#4 C:\Users\LENOVO\Videos\kasir\system\Commands\Server\rewrite.php(43): require_once('C:\\Users\\LENOVO...')
#5 {main}
CRITICAL - 2025-02-23 04:47:15 --> Class 'App\Models\M_Nota' not found
#0 C:\Users\LENOVO\Videos\kasir\system\CodeIgniter.php(832): App\Controllers\Home->saveTransaksi()
#1 C:\Users\LENOVO\Videos\kasir\system\CodeIgniter.php(419): CodeIgniter\CodeIgniter->runController(Object(App\Controllers\Home))
#2 C:\Users\LENOVO\Videos\kasir\system\CodeIgniter.php(326): CodeIgniter\CodeIgniter->handleRequest(NULL, Object(Config\Cache), false)
#3 C:\Users\LENOVO\Videos\kasir\public\index.php(37): CodeIgniter\CodeIgniter->run()
#4 C:\Users\LENOVO\Videos\kasir\system\Commands\Server\rewrite.php(43): require_once('C:\\Users\\LENOVO...')
#5 {main}
CRITICAL - 2025-02-23 04:47:18 --> Class 'App\Models\M_Nota' not found
#0 C:\Users\LENOVO\Videos\kasir\system\CodeIgniter.php(832): App\Controllers\Home->saveTransaksi()
#1 C:\Users\LENOVO\Videos\kasir\system\CodeIgniter.php(419): CodeIgniter\CodeIgniter->runController(Object(App\Controllers\Home))
#2 C:\Users\LENOVO\Videos\kasir\system\CodeIgniter.php(326): CodeIgniter\CodeIgniter->handleRequest(NULL, Object(Config\Cache), false)
#3 C:\Users\LENOVO\Videos\kasir\public\index.php(37): CodeIgniter\CodeIgniter->run()
#4 C:\Users\LENOVO\Videos\kasir\system\Commands\Server\rewrite.php(43): require_once('C:\\Users\\LENOVO...')
#5 {main}
CRITICAL - 2025-02-23 04:47:37 --> Class 'App\Models\M_Transaksi' not found
#0 C:\Users\LENOVO\Videos\kasir\system\CodeIgniter.php(832): App\Controllers\Home->saveTransaksi()
#1 C:\Users\LENOVO\Videos\kasir\system\CodeIgniter.php(419): CodeIgniter\CodeIgniter->runController(Object(App\Controllers\Home))
#2 C:\Users\LENOVO\Videos\kasir\system\CodeIgniter.php(326): CodeIgniter\CodeIgniter->handleRequest(NULL, Object(Config\Cache), false)
#3 C:\Users\LENOVO\Videos\kasir\public\index.php(37): CodeIgniter\CodeIgniter->run()
#4 C:\Users\LENOVO\Videos\kasir\system\Commands\Server\rewrite.php(43): require_once('C:\\Users\\LENOVO...')
#5 {main}
CRITICAL - 2025-02-23 04:48:34 --> Class 'App\Models\M_Nota' not found
#0 C:\Users\LENOVO\Videos\kasir\system\CodeIgniter.php(832): App\Controllers\Home->saveTransaksi()
#1 C:\Users\LENOVO\Videos\kasir\system\CodeIgniter.php(419): CodeIgniter\CodeIgniter->runController(Object(App\Controllers\Home))
#2 C:\Users\LENOVO\Videos\kasir\system\CodeIgniter.php(326): CodeIgniter\CodeIgniter->handleRequest(NULL, Object(Config\Cache), false)
#3 C:\Users\LENOVO\Videos\kasir\public\index.php(37): CodeIgniter\CodeIgniter->run()
#4 C:\Users\LENOVO\Videos\kasir\system\Commands\Server\rewrite.php(43): require_once('C:\\Users\\LENOVO...')
#5 {main}
CRITICAL - 2025-02-23 05:06:11 --> Invalid argument supplied for foreach()
#0 C:\Users\LENOVO\Videos\kasir\app\Views\transaksi.php(162): CodeIgniter\Debug\Exceptions->errorHandler(2, 'Invalid argumen...', 'C:\\Users\\LENOVO...', 162, Array)
#1 C:\Users\LENOVO\Videos\kasir\system\View\View.php(210): include('C:\\Users\\LENOVO...')
#2 C:\Users\LENOVO\Videos\kasir\system\View\View.php(213): CodeIgniter\View\View->CodeIgniter\View\{closure}()
#3 C:\Users\LENOVO\Videos\kasir\system\Common.php(1089): CodeIgniter\View\View->render('transaksi', Array, true)
#4 C:\Users\LENOVO\Videos\kasir\app\Controllers\Home.php(290): view('transaksi')
#5 C:\Users\LENOVO\Videos\kasir\system\CodeIgniter.php(832): App\Controllers\Home->transaksi()
#6 C:\Users\LENOVO\Videos\kasir\system\CodeIgniter.php(419): CodeIgniter\CodeIgniter->runController(Object(App\Controllers\Home))
#7 C:\Users\LENOVO\Videos\kasir\system\CodeIgniter.php(326): CodeIgniter\CodeIgniter->handleRequest(NULL, Object(Config\Cache), false)
#8 C:\Users\LENOVO\Videos\kasir\public\index.php(37): CodeIgniter\CodeIgniter->run()
#9 C:\Users\LENOVO\Videos\kasir\system\Commands\Server\rewrite.php(43): require_once('C:\\Users\\LENOVO...')
#10 {main}
CRITICAL - 2025-02-23 05:08:12 --> Too few arguments to function App\Controllers\Home::transaksi(), 0 passed in C:\Users\LENOVO\Videos\kasir\system\CodeIgniter.php on line 832 and exactly 1 expected
#0 C:\Users\LENOVO\Videos\kasir\system\CodeIgniter.php(832): App\Controllers\Home->transaksi()
#1 C:\Users\LENOVO\Videos\kasir\system\CodeIgniter.php(419): CodeIgniter\CodeIgniter->runController(Object(App\Controllers\Home))
#2 C:\Users\LENOVO\Videos\kasir\system\CodeIgniter.php(326): CodeIgniter\CodeIgniter->handleRequest(NULL, Object(Config\Cache), false)
#3 C:\Users\LENOVO\Videos\kasir\public\index.php(37): CodeIgniter\CodeIgniter->run()
#4 C:\Users\LENOVO\Videos\kasir\system\Commands\Server\rewrite.php(43): require_once('C:\\Users\\LENOVO...')
#5 {main}
ERROR - 2025-02-23 05:08:21 --> Unknown column 'id_obat' in 'order clause'
CRITICAL - 2025-02-23 05:08:21 --> Call to a member function getResult() on bool
#0 C:\Users\LENOVO\Videos\kasir\app\Controllers\Home.php(290): App\Models\M_kasir->tampil('kasir', 'id_obat')
#1 C:\Users\LENOVO\Videos\kasir\system\CodeIgniter.php(832): App\Controllers\Home->transaksi()
#2 C:\Users\LENOVO\Videos\kasir\system\CodeIgniter.php(419): CodeIgniter\CodeIgniter->runController(Object(App\Controllers\Home))
#3 C:\Users\LENOVO\Videos\kasir\system\CodeIgniter.php(326): CodeIgniter\CodeIgniter->handleRequest(NULL, Object(Config\Cache), false)
#4 C:\Users\LENOVO\Videos\kasir\public\index.php(37): CodeIgniter\CodeIgniter->run()
#5 C:\Users\LENOVO\Videos\kasir\system\Commands\Server\rewrite.php(43): require_once('C:\\Users\\LENOVO...')
#6 {main}
CRITICAL - 2025-02-23 05:19:29 --> Call to undefined function generateNoNota()
#0 C:\Users\LENOVO\Videos\kasir\system\View\View.php(210): include()
#1 C:\Users\LENOVO\Videos\kasir\system\View\View.php(213): CodeIgniter\View\View->CodeIgniter\View\{closure}()
#2 C:\Users\LENOVO\Videos\kasir\system\Common.php(1089): CodeIgniter\View\View->render('transaksi', Array, true)
#3 C:\Users\LENOVO\Videos\kasir\app\Controllers\Home.php(294): view('transaksi', Array)
#4 C:\Users\LENOVO\Videos\kasir\system\CodeIgniter.php(832): App\Controllers\Home->transaksi()
#5 C:\Users\LENOVO\Videos\kasir\system\CodeIgniter.php(419): CodeIgniter\CodeIgniter->runController(Object(App\Controllers\Home))
#6 C:\Users\LENOVO\Videos\kasir\system\CodeIgniter.php(326): CodeIgniter\CodeIgniter->handleRequest(NULL, Object(Config\Cache), false)
#7 C:\Users\LENOVO\Videos\kasir\public\index.php(37): CodeIgniter\CodeIgniter->run()
#8 C:\Users\LENOVO\Videos\kasir\system\Commands\Server\rewrite.php(43): require_once('C:\\Users\\LENOVO...')
#9 {main}
CRITICAL - 2025-02-23 05:33:24 --> Call to undefined function generateNoNota()
#0 C:\Users\LENOVO\Videos\kasir\system\View\View.php(210): include()
#1 C:\Users\LENOVO\Videos\kasir\system\View\View.php(213): CodeIgniter\View\View->CodeIgniter\View\{closure}()
#2 C:\Users\LENOVO\Videos\kasir\system\Common.php(1089): CodeIgniter\View\View->render('transaksi', Array, true)
#3 C:\Users\LENOVO\Videos\kasir\app\Controllers\Home.php(294): view('transaksi', Array)
#4 C:\Users\LENOVO\Videos\kasir\system\CodeIgniter.php(832): App\Controllers\Home->transaksi()
#5 C:\Users\LENOVO\Videos\kasir\system\CodeIgniter.php(419): CodeIgniter\CodeIgniter->runController(Object(App\Controllers\Home))
#6 C:\Users\LENOVO\Videos\kasir\system\CodeIgniter.php(326): CodeIgniter\CodeIgniter->handleRequest(NULL, Object(Config\Cache), false)
#7 C:\Users\LENOVO\Videos\kasir\public\index.php(37): CodeIgniter\CodeIgniter->run()
#8 C:\Users\LENOVO\Videos\kasir\system\Commands\Server\rewrite.php(43): require_once('C:\\Users\\LENOVO...')
#9 {main}
CRITICAL - 2025-02-23 05:33:26 --> Call to undefined function generateNoNota()
#0 C:\Users\LENOVO\Videos\kasir\system\View\View.php(210): include()
#1 C:\Users\LENOVO\Videos\kasir\system\View\View.php(213): CodeIgniter\View\View->CodeIgniter\View\{closure}()
#2 C:\Users\LENOVO\Videos\kasir\system\Common.php(1089): CodeIgniter\View\View->render('transaksi', Array, true)
#3 C:\Users\LENOVO\Videos\kasir\app\Controllers\Home.php(294): view('transaksi', Array)
#4 C:\Users\LENOVO\Videos\kasir\system\CodeIgniter.php(832): App\Controllers\Home->transaksi()
#5 C:\Users\LENOVO\Videos\kasir\system\CodeIgniter.php(419): CodeIgniter\CodeIgniter->runController(Object(App\Controllers\Home))
#6 C:\Users\LENOVO\Videos\kasir\system\CodeIgniter.php(326): CodeIgniter\CodeIgniter->handleRequest(NULL, Object(Config\Cache), false)
#7 C:\Users\LENOVO\Videos\kasir\public\index.php(37): CodeIgniter\CodeIgniter->run()
#8 C:\Users\LENOVO\Videos\kasir\system\Commands\Server\rewrite.php(43): require_once('C:\\Users\\LENOVO...')
#9 {main}
CRITICAL - 2025-02-23 05:33:31 --> Call to undefined function generateNoNota()
#0 C:\Users\LENOVO\Videos\kasir\system\View\View.php(210): include()
#1 C:\Users\LENOVO\Videos\kasir\system\View\View.php(213): CodeIgniter\View\View->CodeIgniter\View\{closure}()
#2 C:\Users\LENOVO\Videos\kasir\system\Common.php(1089): CodeIgniter\View\View->render('transaksi', Array, true)
#3 C:\Users\LENOVO\Videos\kasir\app\Controllers\Home.php(294): view('transaksi', Array)
#4 C:\Users\LENOVO\Videos\kasir\system\CodeIgniter.php(832): App\Controllers\Home->transaksi()
#5 C:\Users\LENOVO\Videos\kasir\system\CodeIgniter.php(419): CodeIgniter\CodeIgniter->runController(Object(App\Controllers\Home))
#6 C:\Users\LENOVO\Videos\kasir\system\CodeIgniter.php(326): CodeIgniter\CodeIgniter->handleRequest(NULL, Object(Config\Cache), false)
#7 C:\Users\LENOVO\Videos\kasir\public\index.php(37): CodeIgniter\CodeIgniter->run()
#8 C:\Users\LENOVO\Videos\kasir\system\Commands\Server\rewrite.php(43): require_once('C:\\Users\\LENOVO...')
#9 {main}
CRITICAL - 2025-02-23 05:36:56 --> Call to undefined function generateNoNota()
#0 C:\Users\LENOVO\Videos\kasir\system\View\View.php(210): include()
#1 C:\Users\LENOVO\Videos\kasir\system\View\View.php(213): CodeIgniter\View\View->CodeIgniter\View\{closure}()
#2 C:\Users\LENOVO\Videos\kasir\system\Common.php(1089): CodeIgniter\View\View->render('transaksi', Array, true)
#3 C:\Users\LENOVO\Videos\kasir\app\Controllers\Home.php(294): view('transaksi', Array)
#4 C:\Users\LENOVO\Videos\kasir\system\CodeIgniter.php(832): App\Controllers\Home->transaksi()
#5 C:\Users\LENOVO\Videos\kasir\system\CodeIgniter.php(419): CodeIgniter\CodeIgniter->runController(Object(App\Controllers\Home))
#6 C:\Users\LENOVO\Videos\kasir\system\CodeIgniter.php(326): CodeIgniter\CodeIgniter->handleRequest(NULL, Object(Config\Cache), false)
#7 C:\Users\LENOVO\Videos\kasir\public\index.php(37): CodeIgniter\CodeIgniter->run()
#8 C:\Users\LENOVO\Videos\kasir\system\Commands\Server\rewrite.php(43): require_once('C:\\Users\\LENOVO...')
#9 {main}
CRITICAL - 2025-02-23 05:37:02 --> Call to undefined function generateNoNota()
#0 C:\Users\LENOVO\Videos\kasir\system\View\View.php(210): include()
#1 C:\Users\LENOVO\Videos\kasir\system\View\View.php(213): CodeIgniter\View\View->CodeIgniter\View\{closure}()
#2 C:\Users\LENOVO\Videos\kasir\system\Common.php(1089): CodeIgniter\View\View->render('transaksi', Array, true)
#3 C:\Users\LENOVO\Videos\kasir\app\Controllers\Home.php(294): view('transaksi', Array)
#4 C:\Users\LENOVO\Videos\kasir\system\CodeIgniter.php(832): App\Controllers\Home->transaksi()
#5 C:\Users\LENOVO\Videos\kasir\system\CodeIgniter.php(419): CodeIgniter\CodeIgniter->runController(Object(App\Controllers\Home))
#6 C:\Users\LENOVO\Videos\kasir\system\CodeIgniter.php(326): CodeIgniter\CodeIgniter->handleRequest(NULL, Object(Config\Cache), false)
#7 C:\Users\LENOVO\Videos\kasir\public\index.php(37): CodeIgniter\CodeIgniter->run()
#8 C:\Users\LENOVO\Videos\kasir\system\Commands\Server\rewrite.php(43): require_once('C:\\Users\\LENOVO...')
#9 {main}
CRITICAL - 2025-02-23 05:59:40 --> syntax error, unexpected end of file, expecting function (T_FUNCTION) or const (T_CONST)
#0 C:\Users\LENOVO\Videos\kasir\system\Router\Router.php(175): CodeIgniter\Router\Router->autoRoute('home/transaksi')
#1 C:\Users\LENOVO\Videos\kasir\system\CodeIgniter.php(726): CodeIgniter\Router\Router->handle('home/transaksi')
#2 C:\Users\LENOVO\Videos\kasir\system\CodeIgniter.php(368): CodeIgniter\CodeIgniter->tryToRouteIt(Object(CodeIgniter\Router\RouteCollection))
#3 C:\Users\LENOVO\Videos\kasir\system\CodeIgniter.php(326): CodeIgniter\CodeIgniter->handleRequest(NULL, Object(Config\Cache), false)
#4 C:\Users\LENOVO\Videos\kasir\public\index.php(37): CodeIgniter\CodeIgniter->run()
#5 C:\Users\LENOVO\Videos\kasir\system\Commands\Server\rewrite.php(43): require_once('C:\\Users\\LENOVO...')
#6 {main}
CRITICAL - 2025-02-23 05:59:50 --> syntax error, unexpected end of file, expecting function (T_FUNCTION) or const (T_CONST)
#0 C:\Users\LENOVO\Videos\kasir\system\Router\Router.php(175): CodeIgniter\Router\Router->autoRoute('home/transaksi')
#1 C:\Users\LENOVO\Videos\kasir\system\CodeIgniter.php(726): CodeIgniter\Router\Router->handle('home/transaksi')
#2 C:\Users\LENOVO\Videos\kasir\system\CodeIgniter.php(368): CodeIgniter\CodeIgniter->tryToRouteIt(Object(CodeIgniter\Router\RouteCollection))
#3 C:\Users\LENOVO\Videos\kasir\system\CodeIgniter.php(326): CodeIgniter\CodeIgniter->handleRequest(NULL, Object(Config\Cache), false)
#4 C:\Users\LENOVO\Videos\kasir\public\index.php(37): CodeIgniter\CodeIgniter->run()
#5 C:\Users\LENOVO\Videos\kasir\system\Commands\Server\rewrite.php(43): require_once('C:\\Users\\LENOVO...')
#6 {main}
CRITICAL - 2025-02-23 06:07:08 --> syntax error, unexpected end of file, expecting function (T_FUNCTION) or const (T_CONST)
#0 C:\Users\LENOVO\Videos\kasir\system\Router\Router.php(175): CodeIgniter\Router\Router->autoRoute('home/transaksi')
#1 C:\Users\LENOVO\Videos\kasir\system\CodeIgniter.php(726): CodeIgniter\Router\Router->handle('home/transaksi')
#2 C:\Users\LENOVO\Videos\kasir\system\CodeIgniter.php(368): CodeIgniter\CodeIgniter->tryToRouteIt(Object(CodeIgniter\Router\RouteCollection))
#3 C:\Users\LENOVO\Videos\kasir\system\CodeIgniter.php(326): CodeIgniter\CodeIgniter->handleRequest(NULL, Object(Config\Cache), false)
#4 C:\Users\LENOVO\Videos\kasir\public\index.php(37): CodeIgniter\CodeIgniter->run()
#5 C:\Users\LENOVO\Videos\kasir\system\Commands\Server\rewrite.php(43): require_once('C:\\Users\\LENOVO...')
#6 {main}
CRITICAL - 2025-02-23 06:07:18 --> syntax error, unexpected end of file
#0 C:\Users\LENOVO\Videos\kasir\system\Router\Router.php(175): CodeIgniter\Router\Router->autoRoute('home/transaksi')
#1 C:\Users\LENOVO\Videos\kasir\system\CodeIgniter.php(726): CodeIgniter\Router\Router->handle('home/transaksi')
#2 C:\Users\LENOVO\Videos\kasir\system\CodeIgniter.php(368): CodeIgniter\CodeIgniter->tryToRouteIt(Object(CodeIgniter\Router\RouteCollection))
#3 C:\Users\LENOVO\Videos\kasir\system\CodeIgniter.php(326): CodeIgniter\CodeIgniter->handleRequest(NULL, Object(Config\Cache), false)
#4 C:\Users\LENOVO\Videos\kasir\public\index.php(37): CodeIgniter\CodeIgniter->run()
#5 C:\Users\LENOVO\Videos\kasir\system\Commands\Server\rewrite.php(43): require_once('C:\\Users\\LENOVO...')
#6 {main}
CRITICAL - 2025-02-23 06:07:28 --> syntax error, unexpected end of file
#0 C:\Users\LENOVO\Videos\kasir\system\Router\Router.php(175): CodeIgniter\Router\Router->autoRoute('home/transaksi')
#1 C:\Users\LENOVO\Videos\kasir\system\CodeIgniter.php(726): CodeIgniter\Router\Router->handle('home/transaksi')
#2 C:\Users\LENOVO\Videos\kasir\system\CodeIgniter.php(368): CodeIgniter\CodeIgniter->tryToRouteIt(Object(CodeIgniter\Router\RouteCollection))
#3 C:\Users\LENOVO\Videos\kasir\system\CodeIgniter.php(326): CodeIgniter\CodeIgniter->handleRequest(NULL, Object(Config\Cache), false)
#4 C:\Users\LENOVO\Videos\kasir\public\index.php(37): CodeIgniter\CodeIgniter->run()
#5 C:\Users\LENOVO\Videos\kasir\system\Commands\Server\rewrite.php(43): require_once('C:\\Users\\LENOVO...')
#6 {main}
ERROR - 2025-02-23 07:23:52 --> Column 'nomor_nota' cannot be null
ERROR - 2025-02-23 07:23:54 --> Column 'nomor_nota' cannot be null
CRITICAL - 2025-02-23 07:27:37 --> syntax error, unexpected end of file, expecting function (T_FUNCTION) or const (T_CONST)
#0 C:\Users\LENOVO\Videos\kasir\system\Router\Router.php(175): CodeIgniter\Router\Router->autoRoute('home/transaksi')
#1 C:\Users\LENOVO\Videos\kasir\system\CodeIgniter.php(726): CodeIgniter\Router\Router->handle('home/transaksi')
#2 C:\Users\LENOVO\Videos\kasir\system\CodeIgniter.php(368): CodeIgniter\CodeIgniter->tryToRouteIt(Object(CodeIgniter\Router\RouteCollection))
#3 C:\Users\LENOVO\Videos\kasir\system\CodeIgniter.php(326): CodeIgniter\CodeIgniter->handleRequest(NULL, Object(Config\Cache), false)
#4 C:\Users\LENOVO\Videos\kasir\public\index.php(37): CodeIgniter\CodeIgniter->run()
#5 C:\Users\LENOVO\Videos\kasir\system\Commands\Server\rewrite.php(43): require_once('C:\\Users\\LENOVO...')
#6 {main}
CRITICAL - 2025-02-23 07:27:38 --> syntax error, unexpected end of file, expecting function (T_FUNCTION) or const (T_CONST)
#0 C:\Users\LENOVO\Videos\kasir\system\Router\Router.php(175): CodeIgniter\Router\Router->autoRoute('home/transaksi')
#1 C:\Users\LENOVO\Videos\kasir\system\CodeIgniter.php(726): CodeIgniter\Router\Router->handle('home/transaksi')
#2 C:\Users\LENOVO\Videos\kasir\system\CodeIgniter.php(368): CodeIgniter\CodeIgniter->tryToRouteIt(Object(CodeIgniter\Router\RouteCollection))
#3 C:\Users\LENOVO\Videos\kasir\system\CodeIgniter.php(326): CodeIgniter\CodeIgniter->handleRequest(NULL, Object(Config\Cache), false)
#4 C:\Users\LENOVO\Videos\kasir\public\index.php(37): CodeIgniter\CodeIgniter->run()
#5 C:\Users\LENOVO\Videos\kasir\system\Commands\Server\rewrite.php(43): require_once('C:\\Users\\LENOVO...')
#6 {main}
ERROR - 2025-02-23 07:31:43 --> Unknown column 'id_nota' in 'field list'
ERROR - 2025-02-23 07:31:46 --> Unknown column 'id_nota' in 'field list'
CRITICAL - 2025-02-23 07:37:44 --> syntax error, unexpected end of file, expecting function (T_FUNCTION) or const (T_CONST)
#0 C:\Users\LENOVO\Videos\kasir\system\Router\Router.php(175): CodeIgniter\Router\Router->autoRoute('home/transaksi')
#1 C:\Users\LENOVO\Videos\kasir\system\CodeIgniter.php(726): CodeIgniter\Router\Router->handle('home/transaksi')
#2 C:\Users\LENOVO\Videos\kasir\system\CodeIgniter.php(368): CodeIgniter\CodeIgniter->tryToRouteIt(Object(CodeIgniter\Router\RouteCollection))
#3 C:\Users\LENOVO\Videos\kasir\system\CodeIgniter.php(326): CodeIgniter\CodeIgniter->handleRequest(NULL, Object(Config\Cache), false)
#4 C:\Users\LENOVO\Videos\kasir\public\index.php(37): CodeIgniter\CodeIgniter->run()
#5 C:\Users\LENOVO\Videos\kasir\system\Commands\Server\rewrite.php(43): require_once('C:\\Users\\LENOVO...')
#6 {main}
CRITICAL - 2025-02-23 07:37:59 --> Class 'App\Models\NotaModel' not found
#0 C:\Users\LENOVO\Videos\kasir\system\CodeIgniter.php(832): App\Controllers\Home->processTransaction()
#1 C:\Users\LENOVO\Videos\kasir\system\CodeIgniter.php(419): CodeIgniter\CodeIgniter->runController(Object(App\Controllers\Home))
#2 C:\Users\LENOVO\Videos\kasir\system\CodeIgniter.php(326): CodeIgniter\CodeIgniter->handleRequest(NULL, Object(Config\Cache), false)
#3 C:\Users\LENOVO\Videos\kasir\public\index.php(37): CodeIgniter\CodeIgniter->run()
#4 C:\Users\LENOVO\Videos\kasir\system\Commands\Server\rewrite.php(43): require_once('C:\\Users\\LENOVO...')
#5 {main}
CRITICAL - 2025-02-23 07:38:02 --> Class 'App\Models\NotaModel' not found
#0 C:\Users\LENOVO\Videos\kasir\system\CodeIgniter.php(832): App\Controllers\Home->processTransaction()
#1 C:\Users\LENOVO\Videos\kasir\system\CodeIgniter.php(419): CodeIgniter\CodeIgniter->runController(Object(App\Controllers\Home))
#2 C:\Users\LENOVO\Videos\kasir\system\CodeIgniter.php(326): CodeIgniter\CodeIgniter->handleRequest(NULL, Object(Config\Cache), false)
#3 C:\Users\LENOVO\Videos\kasir\public\index.php(37): CodeIgniter\CodeIgniter->run()
#4 C:\Users\LENOVO\Videos\kasir\system\Commands\Server\rewrite.php(43): require_once('C:\\Users\\LENOVO...')
#5 {main}
CRITICAL - 2025-02-23 07:38:05 --> Class 'App\Models\NotaModel' not found
#0 C:\Users\LENOVO\Videos\kasir\system\CodeIgniter.php(832): App\Controllers\Home->processTransaction()
#1 C:\Users\LENOVO\Videos\kasir\system\CodeIgniter.php(419): CodeIgniter\CodeIgniter->runController(Object(App\Controllers\Home))
#2 C:\Users\LENOVO\Videos\kasir\system\CodeIgniter.php(326): CodeIgniter\CodeIgniter->handleRequest(NULL, Object(Config\Cache), false)
#3 C:\Users\LENOVO\Videos\kasir\public\index.php(37): CodeIgniter\CodeIgniter->run()
#4 C:\Users\LENOVO\Videos\kasir\system\Commands\Server\rewrite.php(43): require_once('C:\\Users\\LENOVO...')
#5 {main}
CRITICAL - 2025-02-23 07:39:00 --> Class 'App\Models\NotaModel' not found
#0 C:\Users\LENOVO\Videos\kasir\system\CodeIgniter.php(832): App\Controllers\Home->processTransaction()
#1 C:\Users\LENOVO\Videos\kasir\system\CodeIgniter.php(419): CodeIgniter\CodeIgniter->runController(Object(App\Controllers\Home))
#2 C:\Users\LENOVO\Videos\kasir\system\CodeIgniter.php(326): CodeIgniter\CodeIgniter->handleRequest(NULL, Object(Config\Cache), false)
#3 C:\Users\LENOVO\Videos\kasir\public\index.php(37): CodeIgniter\CodeIgniter->run()
#4 C:\Users\LENOVO\Videos\kasir\system\Commands\Server\rewrite.php(43): require_once('C:\\Users\\LENOVO...')
#5 {main}
ERROR - 2025-02-23 07:47:27 --> Column 'nomor_nota' cannot be null
CRITICAL - 2025-02-23 07:51:40 --> syntax error, unexpected end of file, expecting function (T_FUNCTION) or const (T_CONST)
#0 C:\Users\LENOVO\Videos\kasir\system\Router\Router.php(175): CodeIgniter\Router\Router->autoRoute('home/transaksi')
#1 C:\Users\LENOVO\Videos\kasir\system\CodeIgniter.php(726): CodeIgniter\Router\Router->handle('home/transaksi')
#2 C:\Users\LENOVO\Videos\kasir\system\CodeIgniter.php(368): CodeIgniter\CodeIgniter->tryToRouteIt(Object(CodeIgniter\Router\RouteCollection))
#3 C:\Users\LENOVO\Videos\kasir\system\CodeIgniter.php(326): CodeIgniter\CodeIgniter->handleRequest(NULL, Object(Config\Cache), false)
#4 C:\Users\LENOVO\Videos\kasir\public\index.php(37): CodeIgniter\CodeIgniter->run()
#5 C:\Users\LENOVO\Videos\kasir\system\Commands\Server\rewrite.php(43): require_once('C:\\Users\\LENOVO...')
#6 {main}
ERROR - 2025-02-23 07:51:59 --> Unknown column 'id_nota' in 'field list'
CRITICAL - 2025-02-23 07:59:11 --> syntax error, unexpected 'if' (T_IF)
#0 C:\Users\LENOVO\Videos\kasir\system\Router\Router.php(175): CodeIgniter\Router\Router->autoRoute('home/transaksi')
#1 C:\Users\LENOVO\Videos\kasir\system\CodeIgniter.php(726): CodeIgniter\Router\Router->handle('home/transaksi')
#2 C:\Users\LENOVO\Videos\kasir\system\CodeIgniter.php(368): CodeIgniter\CodeIgniter->tryToRouteIt(Object(CodeIgniter\Router\RouteCollection))
#3 C:\Users\LENOVO\Videos\kasir\system\CodeIgniter.php(326): CodeIgniter\CodeIgniter->handleRequest(NULL, Object(Config\Cache), false)
#4 C:\Users\LENOVO\Videos\kasir\public\index.php(37): CodeIgniter\CodeIgniter->run()
#5 C:\Users\LENOVO\Videos\kasir\system\Commands\Server\rewrite.php(43): require_once('C:\\Users\\LENOVO...')
#6 {main}
CRITICAL - 2025-02-23 07:59:42 --> syntax error, unexpected 'if' (T_IF)
#0 C:\Users\LENOVO\Videos\kasir\system\Router\Router.php(175): CodeIgniter\Router\Router->autoRoute('home/transaksi')
#1 C:\Users\LENOVO\Videos\kasir\system\CodeIgniter.php(726): CodeIgniter\Router\Router->handle('home/transaksi')
#2 C:\Users\LENOVO\Videos\kasir\system\CodeIgniter.php(368): CodeIgniter\CodeIgniter->tryToRouteIt(Object(CodeIgniter\Router\RouteCollection))
#3 C:\Users\LENOVO\Videos\kasir\system\CodeIgniter.php(326): CodeIgniter\CodeIgniter->handleRequest(NULL, Object(Config\Cache), false)
#4 C:\Users\LENOVO\Videos\kasir\public\index.php(37): CodeIgniter\CodeIgniter->run()
#5 C:\Users\LENOVO\Videos\kasir\system\Commands\Server\rewrite.php(43): require_once('C:\\Users\\LENOVO...')
#6 {main}
ERROR - 2025-02-23 19:21:41 --> Column 'id_user' in where clause is ambiguous
CRITICAL - 2025-02-23 19:21:41 --> Call to a member function getRow() on bool
#0 C:\Users\LENOVO\Videos\kasir\app\Controllers\Home.php(133): App\Models\M_kasir->joinw('kasir', 'user', 'kasir.id_user=u...', Array)
#1 C:\Users\LENOVO\Videos\kasir\system\CodeIgniter.php(832): App\Controllers\Home->edit_kasir('5')
#2 C:\Users\LENOVO\Videos\kasir\system\CodeIgniter.php(419): CodeIgniter\CodeIgniter->runController(Object(App\Controllers\Home))
#3 C:\Users\LENOVO\Videos\kasir\system\CodeIgniter.php(326): CodeIgniter\CodeIgniter->handleRequest(NULL, Object(Config\Cache), false)
#4 C:\Users\LENOVO\Videos\kasir\public\index.php(37): CodeIgniter\CodeIgniter->run()
#5 C:\Users\LENOVO\Videos\kasir\system\Commands\Server\rewrite.php(43): require_once('C:\\Users\\LENOVO...')
#6 {main}
ERROR - 2025-02-23 19:21:45 --> Column 'id_user' in where clause is ambiguous
CRITICAL - 2025-02-23 19:21:45 --> Call to a member function getRow() on bool
#0 C:\Users\LENOVO\Videos\kasir\app\Controllers\Home.php(133): App\Models\M_kasir->joinw('kasir', 'user', 'kasir.id_user=u...', Array)
#1 C:\Users\LENOVO\Videos\kasir\system\CodeIgniter.php(832): App\Controllers\Home->edit_kasir('4')
#2 C:\Users\LENOVO\Videos\kasir\system\CodeIgniter.php(419): CodeIgniter\CodeIgniter->runController(Object(App\Controllers\Home))
#3 C:\Users\LENOVO\Videos\kasir\system\CodeIgniter.php(326): CodeIgniter\CodeIgniter->handleRequest(NULL, Object(Config\Cache), false)
#4 C:\Users\LENOVO\Videos\kasir\public\index.php(37): CodeIgniter\CodeIgniter->run()
#5 C:\Users\LENOVO\Videos\kasir\system\Commands\Server\rewrite.php(43): require_once('C:\\Users\\LENOVO...')
#6 {main}
ERROR - 2025-02-23 19:21:48 --> Column 'id_user' in where clause is ambiguous
CRITICAL - 2025-02-23 19:21:48 --> Call to a member function getRow() on bool
#0 C:\Users\LENOVO\Videos\kasir\app\Controllers\Home.php(133): App\Models\M_kasir->joinw('kasir', 'user', 'kasir.id_user=u...', Array)
#1 C:\Users\LENOVO\Videos\kasir\system\CodeIgniter.php(832): App\Controllers\Home->edit_kasir('3')
#2 C:\Users\LENOVO\Videos\kasir\system\CodeIgniter.php(419): CodeIgniter\CodeIgniter->runController(Object(App\Controllers\Home))
#3 C:\Users\LENOVO\Videos\kasir\system\CodeIgniter.php(326): CodeIgniter\CodeIgniter->handleRequest(NULL, Object(Config\Cache), false)
#4 C:\Users\LENOVO\Videos\kasir\public\index.php(37): CodeIgniter\CodeIgniter->run()
#5 C:\Users\LENOVO\Videos\kasir\system\Commands\Server\rewrite.php(43): require_once('C:\\Users\\LENOVO...')
#6 {main}
CRITICAL - 2025-02-23 20:54:54 --> syntax error, unexpected 'return' (T_RETURN), expecting '{'
#0 C:\Users\LENOVO\Videos\kasir\system\Router\Router.php(175): CodeIgniter\Router\Router->autoRoute('home/transaksi')
#1 C:\Users\LENOVO\Videos\kasir\system\CodeIgniter.php(726): CodeIgniter\Router\Router->handle('home/transaksi')
#2 C:\Users\LENOVO\Videos\kasir\system\CodeIgniter.php(368): CodeIgniter\CodeIgniter->tryToRouteIt(Object(CodeIgniter\Router\RouteCollection))
#3 C:\Users\LENOVO\Videos\kasir\system\CodeIgniter.php(326): CodeIgniter\CodeIgniter->handleRequest(NULL, Object(Config\Cache), false)
#4 C:\Users\LENOVO\Videos\kasir\public\index.php(37): CodeIgniter\CodeIgniter->run()
#5 C:\Users\LENOVO\Videos\kasir\system\Commands\Server\rewrite.php(43): require_once('C:\\Users\\LENOVO...')
#6 {main}
