CRITICAL - 2025-02-24 19:10:08 --> syntax error, unexpected end of file, expecting function (T_FUNCTION) or const (T_CONST)
#0 C:\Users\LENOVO\Videos\kasir\system\Router\Router.php(175): CodeIgniter\Router\Router->autoRoute('home/transaksi')
#1 C:\Users\LENOVO\Videos\kasir\system\CodeIgniter.php(726): CodeIgniter\Router\Router->handle('home/transaksi')
#2 C:\Users\LENOVO\Videos\kasir\system\CodeIgniter.php(368): CodeIgniter\CodeIgniter->tryToRouteIt(Object(CodeIgniter\Router\RouteCollection))
#3 C:\Users\LENOVO\Videos\kasir\system\CodeIgniter.php(326): CodeIgniter\CodeIgniter->handleRequest(NULL, Object(Config\Cache), false)
#4 C:\Users\LENOVO\Videos\kasir\public\index.php(37): CodeIgniter\CodeIgniter->run()
#5 C:\Users\LENOVO\Videos\kasir\system\Commands\Server\rewrite.php(43): require_once('C:\\Users\\LENOVO...')
#6 {main}
CRITICAL - 2025-02-24 19:30:06 --> syntax error, unexpected ''' (T_ENCAPSED_AND_WHITESPACE), expecting ')'
#0 C:\Users\LENOVO\Videos\kasir\system\View\View.php(213): CodeIgniter\View\View->CodeIgniter\View\{closure}()
#1 C:\Users\LENOVO\Videos\kasir\system\Common.php(1089): CodeIgniter\View\View->render('print_nota', Array, true)
#2 C:\Users\LENOVO\Videos\kasir\app\Controllers\Home.php(482): view('print_nota', Array)
#3 C:\Users\LENOVO\Videos\kasir\system\CodeIgniter.php(832): App\Controllers\Home->printNota('006')
#4 C:\Users\LENOVO\Videos\kasir\system\CodeIgniter.php(419): CodeIgniter\CodeIgniter->runController(Object(App\Controllers\Home))
#5 C:\Users\LENOVO\Videos\kasir\system\CodeIgniter.php(326): CodeIgniter\CodeIgniter->handleRequest(NULL, Object(Config\Cache), false)
#6 C:\Users\LENOVO\Videos\kasir\public\index.php(37): CodeIgniter\CodeIgniter->run()
#7 C:\Users\LENOVO\Videos\kasir\system\Commands\Server\rewrite.php(43): require_once('C:\\Users\\LENOVO...')
#8 {main}
CRITICAL - 2025-02-24 19:47:22 --> syntax error, unexpected ',', expecting variable (T_VARIABLE)
#0 C:\Users\LENOVO\Videos\kasir\system\Autoloader\Autoloader.php(241): CodeIgniter\Autoloader\Autoloader->includeFile('C:\\Users\\LENOVO...')
#1 C:\Users\LENOVO\Videos\kasir\system\Autoloader\Autoloader.php(219): CodeIgniter\Autoloader\Autoloader->loadInNamespace('App\\Models\\M_ka...')
#2 [internal function]: CodeIgniter\Autoloader\Autoloader->loadClass('App\\Models\\M_ka...')
#3 C:\Users\LENOVO\Videos\kasir\app\Controllers\Home.php(366): spl_autoload_call('App\\Models\\M_ka...')
#4 C:\Users\LENOVO\Videos\kasir\system\CodeIgniter.php(832): App\Controllers\Home->transaksi()
#5 C:\Users\LENOVO\Videos\kasir\system\CodeIgniter.php(419): CodeIgniter\CodeIgniter->runController(Object(App\Controllers\Home))
#6 C:\Users\LENOVO\Videos\kasir\system\CodeIgniter.php(326): CodeIgniter\CodeIgniter->handleRequest(NULL, Object(Config\Cache), false)
#7 C:\Users\LENOVO\Videos\kasir\public\index.php(37): CodeIgniter\CodeIgniter->run()
#8 C:\Users\LENOVO\Videos\kasir\system\Commands\Server\rewrite.php(43): require_once('C:\\Users\\LENOVO...')
#9 {main}
CRITICAL - 2025-02-24 22:05:12 --> Invalid argument supplied for foreach()
#0 G:\My Drive\web\kasir\kasir\app\Views\print_nota.php(101): CodeIgniter\Debug\Exceptions->errorHandler(2, 'Invalid argumen...', 'G:\\My Drive\\web...', 101, Array)
#1 G:\My Drive\web\kasir\kasir\system\View\View.php(210): include('G:\\My Drive\\web...')
#2 G:\My Drive\web\kasir\kasir\system\View\View.php(213): CodeIgniter\View\View->CodeIgniter\View\{closure}()
#3 G:\My Drive\web\kasir\kasir\system\Common.php(1089): CodeIgniter\View\View->render('print_nota', Array, true)
#4 G:\My Drive\web\kasir\kasir\app\Controllers\Home.php(462): view('print_nota', Array)
#5 G:\My Drive\web\kasir\kasir\system\CodeIgniter.php(832): App\Controllers\Home->print_nota('001')
#6 G:\My Drive\web\kasir\kasir\system\CodeIgniter.php(419): CodeIgniter\CodeIgniter->runController(Object(App\Controllers\Home))
#7 G:\My Drive\web\kasir\kasir\system\CodeIgniter.php(326): CodeIgniter\CodeIgniter->handleRequest(NULL, Object(Config\Cache), false)
#8 G:\My Drive\web\kasir\kasir\public\index.php(37): CodeIgniter\CodeIgniter->run()
#9 G:\My Drive\web\kasir\kasir\system\Commands\Server\rewrite.php(43): require_once('G:\\My Drive\\web...')
#10 {main}
CRITICAL - 2025-02-24 22:41:04 --> Call to a member function table() on null
#0 G:\My Drive\web\kasir\kasir\system\CodeIgniter.php(832): App\Controllers\Home->print_nota('003')
#1 G:\My Drive\web\kasir\kasir\system\CodeIgniter.php(419): CodeIgniter\CodeIgniter->runController(Object(App\Controllers\Home))
#2 G:\My Drive\web\kasir\kasir\system\CodeIgniter.php(326): CodeIgniter\CodeIgniter->handleRequest(NULL, Object(Config\Cache), false)
#3 G:\My Drive\web\kasir\kasir\public\index.php(37): CodeIgniter\CodeIgniter->run()
#4 G:\My Drive\web\kasir\kasir\system\Commands\Server\rewrite.php(43): require_once('G:\\My Drive\\web...')
#5 {main}
