CRITICAL - 2025-04-06 03:35:03 --> Maximum execution time of 60 seconds exceeded
#0 [internal function]: CodeIgniter\Debug\Exceptions->shutdownHandler()
#1 {main}
CRITICAL - 2025-04-06 03:36:10 --> Maximum execution time of 60 seconds exceeded
#0 [internal function]: CodeIgniter\Debug\Exceptions->shutdownHandler()
#1 {main}
CRITICAL - 2025-04-06 03:46:59 --> syntax error, unexpected 'return' (T_RETURN)
#0 G:\My Drive\web\kasir\kasir\system\Router\Router.php(175): CodeIgniter\Router\Router->autoRoute('home/logout')
#1 G:\My Drive\web\kasir\kasir\system\CodeIgniter.php(726): CodeIgniter\Router\Router->handle('home/logout')
#2 G:\My Drive\web\kasir\kasir\system\CodeIgniter.php(368): CodeIgniter\CodeIgniter->tryToRouteIt(Object(CodeIgniter\Router\RouteCollection))
#3 G:\My Drive\web\kasir\kasir\system\CodeIgniter.php(326): CodeIgniter\CodeIgniter->handleRequest(NULL, Object(Config\Cache), false)
#4 G:\My Drive\web\kasir\kasir\public\index.php(37): CodeIgniter\CodeIgniter->run()
#5 G:\My Drive\web\kasir\kasir\system\Commands\Server\rewrite.php(43): require_once('G:\\My Drive\\web...')
#6 {main}
CRITICAL - 2025-04-06 03:47:05 --> syntax error, unexpected 'return' (T_RETURN)
#0 G:\My Drive\web\kasir\kasir\system\Router\Router.php(175): CodeIgniter\Router\Router->autoRoute('home/logout')
#1 G:\My Drive\web\kasir\kasir\system\CodeIgniter.php(726): CodeIgniter\Router\Router->handle('home/logout')
#2 G:\My Drive\web\kasir\kasir\system\CodeIgniter.php(368): CodeIgniter\CodeIgniter->tryToRouteIt(Object(CodeIgniter\Router\RouteCollection))
#3 G:\My Drive\web\kasir\kasir\system\CodeIgniter.php(326): CodeIgniter\CodeIgniter->handleRequest(NULL, Object(Config\Cache), false)
#4 G:\My Drive\web\kasir\kasir\public\index.php(37): CodeIgniter\CodeIgniter->run()
#5 G:\My Drive\web\kasir\kasir\system\Commands\Server\rewrite.php(43): require_once('G:\\My Drive\\web...')
#6 {main}
CRITICAL - 2025-04-06 03:47:09 --> syntax error, unexpected 'return' (T_RETURN)
#0 G:\My Drive\web\kasir\kasir\system\Router\Router.php(175): CodeIgniter\Router\Router->autoRoute('home/logout')
#1 G:\My Drive\web\kasir\kasir\system\CodeIgniter.php(726): CodeIgniter\Router\Router->handle('home/logout')
#2 G:\My Drive\web\kasir\kasir\system\CodeIgniter.php(368): CodeIgniter\CodeIgniter->tryToRouteIt(Object(CodeIgniter\Router\RouteCollection))
#3 G:\My Drive\web\kasir\kasir\system\CodeIgniter.php(326): CodeIgniter\CodeIgniter->handleRequest(NULL, Object(Config\Cache), false)
#4 G:\My Drive\web\kasir\kasir\public\index.php(37): CodeIgniter\CodeIgniter->run()
#5 G:\My Drive\web\kasir\kasir\system\Commands\Server\rewrite.php(43): require_once('G:\\My Drive\\web...')
#6 {main}
CRITICAL - 2025-04-06 03:47:48 --> syntax error, unexpected 'return' (T_RETURN)
#0 G:\My Drive\web\kasir\kasir\system\Router\Router.php(175): CodeIgniter\Router\Router->autoRoute('home/logout')
#1 G:\My Drive\web\kasir\kasir\system\CodeIgniter.php(726): CodeIgniter\Router\Router->handle('home/logout')
#2 G:\My Drive\web\kasir\kasir\system\CodeIgniter.php(368): CodeIgniter\CodeIgniter->tryToRouteIt(Object(CodeIgniter\Router\RouteCollection))
#3 G:\My Drive\web\kasir\kasir\system\CodeIgniter.php(326): CodeIgniter\CodeIgniter->handleRequest(NULL, Object(Config\Cache), false)
#4 G:\My Drive\web\kasir\kasir\public\index.php(37): CodeIgniter\CodeIgniter->run()
#5 G:\My Drive\web\kasir\kasir\system\Commands\Server\rewrite.php(43): require_once('G:\\My Drive\\web...')
#6 {main}
