CRITICAL - 2025-03-28 01:22:46 --> Maximum execution time of 60 seconds exceeded
#0 [internal function]: CodeIgniter\Debug\Exceptions->shutdownHandler()
#1 {main}
CRITICAL - 2025-03-28 01:25:17 --> Maximum execution time of 60 seconds exceeded
#0 [internal function]: CodeIgniter\Debug\Exceptions->shutdownHandler()
#1 {main}
CRITICAL - 2025-03-28 01:29:42 --> Maximum execution time of 60 seconds exceeded
#0 [internal function]: CodeIgniter\Debug\Exceptions->shutdownHandler()
#1 {main}
ERROR - 2025-03-28 03:04:36 --> Unknown column 'token' in 'field list'
CRITICAL - 2025-03-28 03:04:36 --> Class 'App\Controllers\PHPMailer' not found
#0 G:\My Drive\web\kasir\kasir\system\CodeIgniter.php(832): App\Controllers\Home->aksi_forgot_password()
#1 G:\My Drive\web\kasir\kasir\system\CodeIgniter.php(419): CodeIgniter\CodeIgniter->runController(Object(App\Controllers\Home))
#2 G:\My Drive\web\kasir\kasir\system\CodeIgniter.php(326): CodeIgniter\CodeIgniter->handleRequest(NULL, Object(Config\Cache), false)
#3 G:\My Drive\web\kasir\kasir\public\index.php(37): CodeIgniter\CodeIgniter->run()
#4 G:\My Drive\web\kasir\kasir\system\Commands\Server\rewrite.php(43): require_once('G:\\My Drive\\web...')
#5 {main}
ERROR - 2025-03-28 03:07:05 --> Unknown column 'token' in 'field list'
CRITICAL - 2025-03-28 03:07:05 --> Class 'App\Controllers\PHPMailer' not found
#0 G:\My Drive\web\kasir\kasir\system\CodeIgniter.php(832): App\Controllers\Home->aksi_forgot_password()
#1 G:\My Drive\web\kasir\kasir\system\CodeIgniter.php(419): CodeIgniter\CodeIgniter->runController(Object(App\Controllers\Home))
#2 G:\My Drive\web\kasir\kasir\system\CodeIgniter.php(326): CodeIgniter\CodeIgniter->handleRequest(NULL, Object(Config\Cache), false)
#3 G:\My Drive\web\kasir\kasir\public\index.php(37): CodeIgniter\CodeIgniter->run()
#4 G:\My Drive\web\kasir\kasir\system\Commands\Server\rewrite.php(43): require_once('G:\\My Drive\\web...')
#5 {main}
CRITICAL - 2025-03-28 03:08:25 --> Undefined constant 'App\Controllers\App\Controllers\PHPMailer'
#0 G:\My Drive\web\kasir\kasir\system\Router\Router.php(518): include_once()
#1 G:\My Drive\web\kasir\kasir\system\Router\Router.php(175): CodeIgniter\Router\Router->autoRoute('home/aksi_forgo...')
#2 G:\My Drive\web\kasir\kasir\system\CodeIgniter.php(726): CodeIgniter\Router\Router->handle('home/aksi_forgo...')
#3 G:\My Drive\web\kasir\kasir\system\CodeIgniter.php(368): CodeIgniter\CodeIgniter->tryToRouteIt(Object(CodeIgniter\Router\RouteCollection))
#4 G:\My Drive\web\kasir\kasir\system\CodeIgniter.php(326): CodeIgniter\CodeIgniter->handleRequest(NULL, Object(Config\Cache), false)
#5 G:\My Drive\web\kasir\kasir\public\index.php(37): CodeIgniter\CodeIgniter->run()
#6 G:\My Drive\web\kasir\kasir\system\Commands\Server\rewrite.php(43): require_once('G:\\My Drive\\web...')
#7 {main}
ERROR - 2025-03-28 03:08:46 --> Unknown column 'token' in 'field list'
CRITICAL - 2025-03-28 03:08:46 --> Class 'PHPMailer' not found
#0 G:\My Drive\web\kasir\kasir\system\CodeIgniter.php(832): App\Controllers\Home->aksi_forgot_password()
#1 G:\My Drive\web\kasir\kasir\system\CodeIgniter.php(419): CodeIgniter\CodeIgniter->runController(Object(App\Controllers\Home))
#2 G:\My Drive\web\kasir\kasir\system\CodeIgniter.php(326): CodeIgniter\CodeIgniter->handleRequest(NULL, Object(Config\Cache), false)
#3 G:\My Drive\web\kasir\kasir\public\index.php(37): CodeIgniter\CodeIgniter->run()
#4 G:\My Drive\web\kasir\kasir\system\Commands\Server\rewrite.php(43): require_once('G:\\My Drive\\web...')
#5 {main}
ERROR - 2025-03-28 03:29:45 --> Unknown column 'token' in 'field list'
CRITICAL - 2025-03-28 03:29:45 --> Class 'PHPMailer\PHPMailer\PHPMailer' not found
#0 G:\My Drive\web\kasir\kasir\system\CodeIgniter.php(832): App\Controllers\Home->aksi_forgot_password()
#1 G:\My Drive\web\kasir\kasir\system\CodeIgniter.php(419): CodeIgniter\CodeIgniter->runController(Object(App\Controllers\Home))
#2 G:\My Drive\web\kasir\kasir\system\CodeIgniter.php(326): CodeIgniter\CodeIgniter->handleRequest(NULL, Object(Config\Cache), false)
#3 G:\My Drive\web\kasir\kasir\public\index.php(37): CodeIgniter\CodeIgniter->run()
#4 G:\My Drive\web\kasir\kasir\system\Commands\Server\rewrite.php(43): require_once('G:\\My Drive\\web...')
#5 {main}
ERROR - 2025-03-28 03:30:10 --> Unknown column 'token' in 'field list'
CRITICAL - 2025-03-28 03:30:10 --> Class 'PHPMailer' not found
#0 G:\My Drive\web\kasir\kasir\system\CodeIgniter.php(832): App\Controllers\Home->aksi_forgot_password()
#1 G:\My Drive\web\kasir\kasir\system\CodeIgniter.php(419): CodeIgniter\CodeIgniter->runController(Object(App\Controllers\Home))
#2 G:\My Drive\web\kasir\kasir\system\CodeIgniter.php(326): CodeIgniter\CodeIgniter->handleRequest(NULL, Object(Config\Cache), false)
#3 G:\My Drive\web\kasir\kasir\public\index.php(37): CodeIgniter\CodeIgniter->run()
#4 G:\My Drive\web\kasir\kasir\system\Commands\Server\rewrite.php(43): require_once('G:\\My Drive\\web...')
#5 {main}
ERROR - 2025-03-28 03:43:55 --> Unknown column 'token' in 'field list'
CRITICAL - 2025-03-28 03:43:55 --> Class 'PHPMailer\PHPMailer\PHPMailer' not found
#0 G:\My Drive\web\kasir\kasir\system\CodeIgniter.php(832): App\Controllers\Home->aksi_forgot_password()
#1 G:\My Drive\web\kasir\kasir\system\CodeIgniter.php(419): CodeIgniter\CodeIgniter->runController(Object(App\Controllers\Home))
#2 G:\My Drive\web\kasir\kasir\system\CodeIgniter.php(326): CodeIgniter\CodeIgniter->handleRequest(NULL, Object(Config\Cache), false)
#3 G:\My Drive\web\kasir\kasir\public\index.php(37): CodeIgniter\CodeIgniter->run()
#4 G:\My Drive\web\kasir\kasir\system\Commands\Server\rewrite.php(43): require_once('G:\\My Drive\\web...')
#5 {main}
ERROR - 2025-03-28 03:47:13 --> Unknown column 'token' in 'field list'
CRITICAL - 2025-03-28 03:47:13 --> Class 'PHPMailer\PHPMailer\PHPMailer' not found
#0 G:\My Drive\web\kasir\kasir\system\CodeIgniter.php(832): App\Controllers\Home->aksi_forgot_password()
#1 G:\My Drive\web\kasir\kasir\system\CodeIgniter.php(419): CodeIgniter\CodeIgniter->runController(Object(App\Controllers\Home))
#2 G:\My Drive\web\kasir\kasir\system\CodeIgniter.php(326): CodeIgniter\CodeIgniter->handleRequest(NULL, Object(Config\Cache), false)
#3 G:\My Drive\web\kasir\kasir\public\index.php(37): CodeIgniter\CodeIgniter->run()
#4 G:\My Drive\web\kasir\kasir\system\Commands\Server\rewrite.php(43): require_once('G:\\My Drive\\web...')
#5 {main}
ERROR - 2025-03-28 03:47:27 --> Unknown column 'token' in 'field list'
CRITICAL - 2025-03-28 03:47:27 --> Class 'PHPMailer\PHPMailer\PHPMailer' not found
#0 G:\My Drive\web\kasir\kasir\system\CodeIgniter.php(832): App\Controllers\Home->aksi_forgot_password()
#1 G:\My Drive\web\kasir\kasir\system\CodeIgniter.php(419): CodeIgniter\CodeIgniter->runController(Object(App\Controllers\Home))
#2 G:\My Drive\web\kasir\kasir\system\CodeIgniter.php(326): CodeIgniter\CodeIgniter->handleRequest(NULL, Object(Config\Cache), false)
#3 G:\My Drive\web\kasir\kasir\public\index.php(37): CodeIgniter\CodeIgniter->run()
#4 G:\My Drive\web\kasir\kasir\system\Commands\Server\rewrite.php(43): require_once('G:\\My Drive\\web...')
#5 {main}
ERROR - 2025-03-28 03:50:29 --> Unknown column 'token' in 'field list'
CRITICAL - 2025-03-28 03:50:29 --> Class 'PHPMailer\PHPMailer\PHPMailer' not found
#0 G:\My Drive\web\kasir\kasir\system\CodeIgniter.php(832): App\Controllers\Home->aksi_forgot_password()
#1 G:\My Drive\web\kasir\kasir\system\CodeIgniter.php(419): CodeIgniter\CodeIgniter->runController(Object(App\Controllers\Home))
#2 G:\My Drive\web\kasir\kasir\system\CodeIgniter.php(326): CodeIgniter\CodeIgniter->handleRequest(NULL, Object(Config\Cache), false)
#3 G:\My Drive\web\kasir\kasir\public\index.php(37): CodeIgniter\CodeIgniter->run()
#4 G:\My Drive\web\kasir\kasir\system\Commands\Server\rewrite.php(43): require_once('G:\\My Drive\\web...')
#5 {main}
ERROR - 2025-03-28 03:50:37 --> Unknown column 'token' in 'field list'
CRITICAL - 2025-03-28 03:50:37 --> Class 'PHPMailer\PHPMailer\PHPMailer' not found
#0 G:\My Drive\web\kasir\kasir\system\CodeIgniter.php(832): App\Controllers\Home->aksi_forgot_password()
#1 G:\My Drive\web\kasir\kasir\system\CodeIgniter.php(419): CodeIgniter\CodeIgniter->runController(Object(App\Controllers\Home))
#2 G:\My Drive\web\kasir\kasir\system\CodeIgniter.php(326): CodeIgniter\CodeIgniter->handleRequest(NULL, Object(Config\Cache), false)
#3 G:\My Drive\web\kasir\kasir\public\index.php(37): CodeIgniter\CodeIgniter->run()
#4 G:\My Drive\web\kasir\kasir\system\Commands\Server\rewrite.php(43): require_once('G:\\My Drive\\web...')
#5 {main}
ERROR - 2025-03-28 03:52:05 --> Unknown column 'token' in 'field list'
CRITICAL - 2025-03-28 03:52:05 --> Class 'PHPMailer\PHPMailer\PHPMailer' not found
#0 G:\My Drive\web\kasir\kasir\system\CodeIgniter.php(832): App\Controllers\Home->aksi_forgot_password()
#1 G:\My Drive\web\kasir\kasir\system\CodeIgniter.php(419): CodeIgniter\CodeIgniter->runController(Object(App\Controllers\Home))
#2 G:\My Drive\web\kasir\kasir\system\CodeIgniter.php(326): CodeIgniter\CodeIgniter->handleRequest(NULL, Object(Config\Cache), false)
#3 G:\My Drive\web\kasir\kasir\public\index.php(37): CodeIgniter\CodeIgniter->run()
#4 G:\My Drive\web\kasir\kasir\system\Commands\Server\rewrite.php(43): require_once('G:\\My Drive\\web...')
#5 {main}
ERROR - 2025-03-28 03:52:28 --> Unknown column 'token' in 'field list'
CRITICAL - 2025-03-28 03:52:28 --> Class 'PHPMailer\PHPMailer\PHPMailer' not found
#0 G:\My Drive\web\kasir\kasir\system\CodeIgniter.php(832): App\Controllers\Home->aksi_forgot_password()
#1 G:\My Drive\web\kasir\kasir\system\CodeIgniter.php(419): CodeIgniter\CodeIgniter->runController(Object(App\Controllers\Home))
#2 G:\My Drive\web\kasir\kasir\system\CodeIgniter.php(326): CodeIgniter\CodeIgniter->handleRequest(NULL, Object(Config\Cache), false)
#3 G:\My Drive\web\kasir\kasir\public\index.php(37): CodeIgniter\CodeIgniter->run()
#4 G:\My Drive\web\kasir\kasir\system\Commands\Server\rewrite.php(43): require_once('G:\\My Drive\\web...')
#5 {main}
ERROR - 2025-03-28 03:52:52 --> Unknown column 'token' in 'field list'
CRITICAL - 2025-03-28 03:52:52 --> Class 'PHPMailer\PHPMailer\PHPMailer' not found
#0 G:\My Drive\web\kasir\kasir\system\CodeIgniter.php(832): App\Controllers\Home->aksi_forgot_password()
#1 G:\My Drive\web\kasir\kasir\system\CodeIgniter.php(419): CodeIgniter\CodeIgniter->runController(Object(App\Controllers\Home))
#2 G:\My Drive\web\kasir\kasir\system\CodeIgniter.php(326): CodeIgniter\CodeIgniter->handleRequest(NULL, Object(Config\Cache), false)
#3 G:\My Drive\web\kasir\kasir\public\index.php(37): CodeIgniter\CodeIgniter->run()
#4 G:\My Drive\web\kasir\kasir\system\Commands\Server\rewrite.php(43): require_once('G:\\My Drive\\web...')
#5 {main}
ERROR - 2025-03-28 03:53:16 --> Unknown column 'token' in 'field list'
CRITICAL - 2025-03-28 03:53:16 --> Class 'PHPMailer\PHPMailer\PHPMailer' not found
#0 G:\My Drive\web\kasir\kasir\system\CodeIgniter.php(832): App\Controllers\Home->aksi_forgot_password()
#1 G:\My Drive\web\kasir\kasir\system\CodeIgniter.php(419): CodeIgniter\CodeIgniter->runController(Object(App\Controllers\Home))
#2 G:\My Drive\web\kasir\kasir\system\CodeIgniter.php(326): CodeIgniter\CodeIgniter->handleRequest(NULL, Object(Config\Cache), false)
#3 G:\My Drive\web\kasir\kasir\public\index.php(37): CodeIgniter\CodeIgniter->run()
#4 G:\My Drive\web\kasir\kasir\system\Commands\Server\rewrite.php(43): require_once('G:\\My Drive\\web...')
#5 {main}
ERROR - 2025-03-28 03:53:18 --> Unknown column 'token' in 'field list'
CRITICAL - 2025-03-28 03:53:18 --> Class 'PHPMailer\PHPMailer\PHPMailer' not found
#0 G:\My Drive\web\kasir\kasir\system\CodeIgniter.php(832): App\Controllers\Home->aksi_forgot_password()
#1 G:\My Drive\web\kasir\kasir\system\CodeIgniter.php(419): CodeIgniter\CodeIgniter->runController(Object(App\Controllers\Home))
#2 G:\My Drive\web\kasir\kasir\system\CodeIgniter.php(326): CodeIgniter\CodeIgniter->handleRequest(NULL, Object(Config\Cache), false)
#3 G:\My Drive\web\kasir\kasir\public\index.php(37): CodeIgniter\CodeIgniter->run()
#4 G:\My Drive\web\kasir\kasir\system\Commands\Server\rewrite.php(43): require_once('G:\\My Drive\\web...')
#5 {main}
ERROR - 2025-03-28 03:57:50 --> Unknown column 'token' in 'field list'
CRITICAL - 2025-03-28 03:57:50 --> Class 'PHPMailer\PHPMailer\PHPMailer' not found
#0 G:\My Drive\web\kasir\kasir\system\CodeIgniter.php(832): App\Controllers\Home->aksi_forgot_password()
#1 G:\My Drive\web\kasir\kasir\system\CodeIgniter.php(419): CodeIgniter\CodeIgniter->runController(Object(App\Controllers\Home))
#2 G:\My Drive\web\kasir\kasir\system\CodeIgniter.php(326): CodeIgniter\CodeIgniter->handleRequest(NULL, Object(Config\Cache), false)
#3 G:\My Drive\web\kasir\kasir\public\index.php(37): CodeIgniter\CodeIgniter->run()
#4 G:\My Drive\web\kasir\kasir\system\Commands\Server\rewrite.php(43): require_once('G:\\My Drive\\web...')
#5 {main}
CRITICAL - 2025-03-28 03:58:55 --> Cannot use PHPMailer\PHPMailer\Exception as Exception because the name is already in use
#0 [internal function]: CodeIgniter\Debug\Exceptions->shutdownHandler()
#1 {main}
ERROR - 2025-03-28 03:59:11 --> Unknown column 'token' in 'field list'
CRITICAL - 2025-03-28 03:59:11 --> Class 'PHPMailer\PHPMailer\PHPMailer' not found
#0 G:\My Drive\web\kasir\kasir\system\CodeIgniter.php(832): App\Controllers\Home->aksi_forgot_password()
#1 G:\My Drive\web\kasir\kasir\system\CodeIgniter.php(419): CodeIgniter\CodeIgniter->runController(Object(App\Controllers\Home))
#2 G:\My Drive\web\kasir\kasir\system\CodeIgniter.php(326): CodeIgniter\CodeIgniter->handleRequest(NULL, Object(Config\Cache), false)
#3 G:\My Drive\web\kasir\kasir\public\index.php(37): CodeIgniter\CodeIgniter->run()
#4 G:\My Drive\web\kasir\kasir\system\Commands\Server\rewrite.php(43): require_once('G:\\My Drive\\web...')
#5 {main}
ERROR - 2025-03-28 04:08:04 --> Unknown column 'token' in 'field list'
CRITICAL - 2025-03-28 04:08:04 --> Class 'PHPMailer\PHPMailer\PHPMailer' not found
#0 G:\My Drive\web\kasir\kasir\system\CodeIgniter.php(832): App\Controllers\Home->aksi_forgot_password()
#1 G:\My Drive\web\kasir\kasir\system\CodeIgniter.php(419): CodeIgniter\CodeIgniter->runController(Object(App\Controllers\Home))
#2 G:\My Drive\web\kasir\kasir\system\CodeIgniter.php(326): CodeIgniter\CodeIgniter->handleRequest(NULL, Object(Config\Cache), false)
#3 G:\My Drive\web\kasir\kasir\public\index.php(37): CodeIgniter\CodeIgniter->run()
#4 G:\My Drive\web\kasir\kasir\system\Commands\Server\rewrite.php(43): require_once('G:\\My Drive\\web...')
#5 {main}
ERROR - 2025-03-28 04:08:55 --> Unknown column 'token' in 'field list'
CRITICAL - 2025-03-28 04:08:55 --> Class 'PHPMailer\PHPMailer\PHPMailer' not found
#0 G:\My Drive\web\kasir\kasir\system\CodeIgniter.php(832): App\Controllers\Home->aksi_forgot_password()
#1 G:\My Drive\web\kasir\kasir\system\CodeIgniter.php(419): CodeIgniter\CodeIgniter->runController(Object(App\Controllers\Home))
#2 G:\My Drive\web\kasir\kasir\system\CodeIgniter.php(326): CodeIgniter\CodeIgniter->handleRequest(NULL, Object(Config\Cache), false)
#3 G:\My Drive\web\kasir\kasir\public\index.php(37): CodeIgniter\CodeIgniter->run()
#4 G:\My Drive\web\kasir\kasir\system\Commands\Server\rewrite.php(43): require_once('G:\\My Drive\\web...')
#5 {main}
ERROR - 2025-03-28 04:10:02 --> Unknown column 'token' in 'field list'
CRITICAL - 2025-03-28 04:10:02 --> Class 'PHPMailer\PHPMailer\PHPMailer' not found
#0 G:\My Drive\web\kasir\kasir\system\CodeIgniter.php(832): App\Controllers\Home->aksi_forgot_password()
#1 G:\My Drive\web\kasir\kasir\system\CodeIgniter.php(419): CodeIgniter\CodeIgniter->runController(Object(App\Controllers\Home))
#2 G:\My Drive\web\kasir\kasir\system\CodeIgniter.php(326): CodeIgniter\CodeIgniter->handleRequest(NULL, Object(Config\Cache), false)
#3 G:\My Drive\web\kasir\kasir\public\index.php(37): CodeIgniter\CodeIgniter->run()
#4 G:\My Drive\web\kasir\kasir\system\Commands\Server\rewrite.php(43): require_once('G:\\My Drive\\web...')
#5 {main}
ERROR - 2025-03-28 04:12:29 --> Unknown column 'token' in 'field list'
CRITICAL - 2025-03-28 04:12:29 --> Class 'PHPMailer\PHPMailer\PHPMailer' not found
#0 G:\My Drive\web\kasir\kasir\system\CodeIgniter.php(832): App\Controllers\Home->aksi_forgot_password()
#1 G:\My Drive\web\kasir\kasir\system\CodeIgniter.php(419): CodeIgniter\CodeIgniter->runController(Object(App\Controllers\Home))
#2 G:\My Drive\web\kasir\kasir\system\CodeIgniter.php(326): CodeIgniter\CodeIgniter->handleRequest(NULL, Object(Config\Cache), false)
#3 G:\My Drive\web\kasir\kasir\public\index.php(37): CodeIgniter\CodeIgniter->run()
#4 G:\My Drive\web\kasir\kasir\system\Commands\Server\rewrite.php(43): require_once('G:\\My Drive\\web...')
#5 {main}
ERROR - 2025-03-28 04:12:31 --> Unknown column 'token' in 'field list'
CRITICAL - 2025-03-28 04:12:31 --> Class 'PHPMailer\PHPMailer\PHPMailer' not found
#0 G:\My Drive\web\kasir\kasir\system\CodeIgniter.php(832): App\Controllers\Home->aksi_forgot_password()
#1 G:\My Drive\web\kasir\kasir\system\CodeIgniter.php(419): CodeIgniter\CodeIgniter->runController(Object(App\Controllers\Home))
#2 G:\My Drive\web\kasir\kasir\system\CodeIgniter.php(326): CodeIgniter\CodeIgniter->handleRequest(NULL, Object(Config\Cache), false)
#3 G:\My Drive\web\kasir\kasir\public\index.php(37): CodeIgniter\CodeIgniter->run()
#4 G:\My Drive\web\kasir\kasir\system\Commands\Server\rewrite.php(43): require_once('G:\\My Drive\\web...')
#5 {main}
ERROR - 2025-03-28 04:18:15 --> Unknown column 'token' in 'field list'
CRITICAL - 2025-03-28 04:18:38 --> Invalid file: message_view.php
#0 G:\My Drive\web\kasir\kasir\system\View\View.php(198): CodeIgniter\Exceptions\FrameworkException::forInvalidFile('message_view.ph...')
#1 G:\My Drive\web\kasir\kasir\system\Common.php(1089): CodeIgniter\View\View->render('message_view', Array, true)
#2 G:\My Drive\web\kasir\kasir\app\Controllers\Home.php(190): view('message_view', Array)
#3 G:\My Drive\web\kasir\kasir\system\CodeIgniter.php(832): App\Controllers\Home->aksi_forgot_password()
#4 G:\My Drive\web\kasir\kasir\system\CodeIgniter.php(419): CodeIgniter\CodeIgniter->runController(Object(App\Controllers\Home))
#5 G:\My Drive\web\kasir\kasir\system\CodeIgniter.php(326): CodeIgniter\CodeIgniter->handleRequest(NULL, Object(Config\Cache), false)
#6 G:\My Drive\web\kasir\kasir\public\index.php(37): CodeIgniter\CodeIgniter->run()
#7 G:\My Drive\web\kasir\kasir\system\Commands\Server\rewrite.php(43): require_once('G:\\My Drive\\web...')
#8 {main}
ERROR - 2025-03-28 04:21:08 --> Unknown column 'token' in 'field list'
CRITICAL - 2025-03-28 04:21:32 --> Invalid file: message_view.php
#0 G:\My Drive\web\kasir\kasir\system\View\View.php(198): CodeIgniter\Exceptions\FrameworkException::forInvalidFile('message_view.ph...')
#1 G:\My Drive\web\kasir\kasir\system\Common.php(1089): CodeIgniter\View\View->render('message_view', Array, true)
#2 G:\My Drive\web\kasir\kasir\app\Controllers\Home.php(190): view('message_view', Array)
#3 G:\My Drive\web\kasir\kasir\system\CodeIgniter.php(832): App\Controllers\Home->aksi_forgot_password()
#4 G:\My Drive\web\kasir\kasir\system\CodeIgniter.php(419): CodeIgniter\CodeIgniter->runController(Object(App\Controllers\Home))
#5 G:\My Drive\web\kasir\kasir\system\CodeIgniter.php(326): CodeIgniter\CodeIgniter->handleRequest(NULL, Object(Config\Cache), false)
#6 G:\My Drive\web\kasir\kasir\public\index.php(37): CodeIgniter\CodeIgniter->run()
#7 G:\My Drive\web\kasir\kasir\system\Commands\Server\rewrite.php(43): require_once('G:\\My Drive\\web...')
#8 {main}
ERROR - 2025-03-28 04:21:36 --> Unknown column 'token' in 'field list'
CRITICAL - 2025-03-28 04:22:00 --> Invalid file: message_view.php
#0 G:\My Drive\web\kasir\kasir\system\View\View.php(198): CodeIgniter\Exceptions\FrameworkException::forInvalidFile('message_view.ph...')
#1 G:\My Drive\web\kasir\kasir\system\Common.php(1089): CodeIgniter\View\View->render('message_view', Array, true)
#2 G:\My Drive\web\kasir\kasir\app\Controllers\Home.php(190): view('message_view', Array)
#3 G:\My Drive\web\kasir\kasir\system\CodeIgniter.php(832): App\Controllers\Home->aksi_forgot_password()
#4 G:\My Drive\web\kasir\kasir\system\CodeIgniter.php(419): CodeIgniter\CodeIgniter->runController(Object(App\Controllers\Home))
#5 G:\My Drive\web\kasir\kasir\system\CodeIgniter.php(326): CodeIgniter\CodeIgniter->handleRequest(NULL, Object(Config\Cache), false)
#6 G:\My Drive\web\kasir\kasir\public\index.php(37): CodeIgniter\CodeIgniter->run()
#7 G:\My Drive\web\kasir\kasir\system\Commands\Server\rewrite.php(43): require_once('G:\\My Drive\\web...')
#8 {main}
ERROR - 2025-03-28 04:33:02 --> Unknown column 'token' in 'field list'
CRITICAL - 2025-03-28 04:33:26 --> Invalid file: message_view.php
#0 G:\My Drive\web\kasir\kasir\system\View\View.php(198): CodeIgniter\Exceptions\FrameworkException::forInvalidFile('message_view.ph...')
#1 G:\My Drive\web\kasir\kasir\system\Common.php(1089): CodeIgniter\View\View->render('message_view', Array, true)
#2 G:\My Drive\web\kasir\kasir\app\Controllers\Home.php(190): view('message_view', Array)
#3 G:\My Drive\web\kasir\kasir\system\CodeIgniter.php(832): App\Controllers\Home->aksi_forgot_password()
#4 G:\My Drive\web\kasir\kasir\system\CodeIgniter.php(419): CodeIgniter\CodeIgniter->runController(Object(App\Controllers\Home))
#5 G:\My Drive\web\kasir\kasir\system\CodeIgniter.php(326): CodeIgniter\CodeIgniter->handleRequest(NULL, Object(Config\Cache), false)
#6 G:\My Drive\web\kasir\kasir\public\index.php(37): CodeIgniter\CodeIgniter->run()
#7 G:\My Drive\web\kasir\kasir\system\Commands\Server\rewrite.php(43): require_once('G:\\My Drive\\web...')
#8 {main}
ERROR - 2025-03-28 04:40:34 --> Unknown column 'token' in 'field list'
CRITICAL - 2025-03-28 22:13:40 --> Invalid file: error_view.php
#0 G:\My Drive\web\kasir\kasir\system\View\View.php(198): CodeIgniter\Exceptions\FrameworkException::forInvalidFile('error_view.php')
#1 G:\My Drive\web\kasir\kasir\system\Common.php(1089): CodeIgniter\View\View->render('error_view', Array, true)
#2 G:\My Drive\web\kasir\kasir\app\Controllers\Home.php(206): view('error_view', Array)
#3 G:\My Drive\web\kasir\kasir\system\CodeIgniter.php(832): App\Controllers\Home->aksi_reset_password()
#4 G:\My Drive\web\kasir\kasir\system\CodeIgniter.php(419): CodeIgniter\CodeIgniter->runController(Object(App\Controllers\Home))
#5 G:\My Drive\web\kasir\kasir\system\CodeIgniter.php(326): CodeIgniter\CodeIgniter->handleRequest(NULL, Object(Config\Cache), false)
#6 G:\My Drive\web\kasir\kasir\public\index.php(37): CodeIgniter\CodeIgniter->run()
#7 G:\My Drive\web\kasir\kasir\system\Commands\Server\rewrite.php(43): require_once('G:\\My Drive\\web...')
#8 {main}
CRITICAL - 2025-03-28 22:13:59 --> Invalid file: error_view.php
#0 G:\My Drive\web\kasir\kasir\system\View\View.php(198): CodeIgniter\Exceptions\FrameworkException::forInvalidFile('error_view.php')
#1 G:\My Drive\web\kasir\kasir\system\Common.php(1089): CodeIgniter\View\View->render('error_view', Array, true)
#2 G:\My Drive\web\kasir\kasir\app\Controllers\Home.php(206): view('error_view', Array)
#3 G:\My Drive\web\kasir\kasir\system\CodeIgniter.php(832): App\Controllers\Home->aksi_reset_password()
#4 G:\My Drive\web\kasir\kasir\system\CodeIgniter.php(419): CodeIgniter\CodeIgniter->runController(Object(App\Controllers\Home))
#5 G:\My Drive\web\kasir\kasir\system\CodeIgniter.php(326): CodeIgniter\CodeIgniter->handleRequest(NULL, Object(Config\Cache), false)
#6 G:\My Drive\web\kasir\kasir\public\index.php(37): CodeIgniter\CodeIgniter->run()
#7 G:\My Drive\web\kasir\kasir\system\Commands\Server\rewrite.php(43): require_once('G:\\My Drive\\web...')
#8 {main}
CRITICAL - 2025-03-28 22:14:28 --> Invalid file: error_view.php
#0 G:\My Drive\web\kasir\kasir\system\View\View.php(198): CodeIgniter\Exceptions\FrameworkException::forInvalidFile('error_view.php')
#1 G:\My Drive\web\kasir\kasir\system\Common.php(1089): CodeIgniter\View\View->render('error_view', Array, true)
#2 G:\My Drive\web\kasir\kasir\app\Controllers\Home.php(206): view('error_view', Array)
#3 G:\My Drive\web\kasir\kasir\system\CodeIgniter.php(832): App\Controllers\Home->aksi_reset_password()
#4 G:\My Drive\web\kasir\kasir\system\CodeIgniter.php(419): CodeIgniter\CodeIgniter->runController(Object(App\Controllers\Home))
#5 G:\My Drive\web\kasir\kasir\system\CodeIgniter.php(326): CodeIgniter\CodeIgniter->handleRequest(NULL, Object(Config\Cache), false)
#6 G:\My Drive\web\kasir\kasir\public\index.php(37): CodeIgniter\CodeIgniter->run()
#7 G:\My Drive\web\kasir\kasir\system\Commands\Server\rewrite.php(43): require_once('G:\\My Drive\\web...')
#8 {main}
