CRITICAL - 2025-02-19 20:41:39 --> Invalid argument supplied for foreach()
#0 C:\Users\LENOVO\Videos\kasir\app\Views\tabel_user.php(27): CodeIgniter\Debug\Exceptions->errorHandler(2, 'Invalid argumen...', 'C:\\Users\\LENOVO...', 27, Array)
#1 C:\Users\LENOVO\Videos\kasir\system\View\View.php(210): include('C:\\Users\\LENOVO...')
#2 C:\Users\LENOVO\Videos\kasir\system\View\View.php(213): CodeIgniter\View\View->CodeIgniter\View\{closure}()
#3 C:\Users\LENOVO\Videos\kasir\system\Common.php(1089): CodeIgniter\View\View->render('tabel_user', Array, true)
#4 C:\Users\LENOVO\Videos\kasir\app\Controllers\Home.php(64): view('tabel_user')
#5 C:\Users\LENOVO\Videos\kasir\system\CodeIgniter.php(832): App\Controllers\Home->tabel_user()
#6 C:\Users\LENOVO\Videos\kasir\system\CodeIgniter.php(419): CodeIgniter\CodeIgniter->runController(Object(App\Controllers\Home))
#7 C:\Users\LENOVO\Videos\kasir\system\CodeIgniter.php(326): CodeIgniter\CodeIgniter->handleRequest(NULL, Object(Config\Cache), false)
#8 C:\Users\LENOVO\Videos\kasir\public\index.php(37): CodeIgniter\CodeIgniter->run()
#9 C:\Users\LENOVO\Videos\kasir\system\Commands\Server\rewrite.php(43): require_once('C:\\Users\\LENOVO...')
#10 {main}
CRITICAL - 2025-02-19 20:46:36 --> syntax error, unexpected end of file, expecting function (T_FUNCTION) or const (T_CONST)
#0 C:\Users\LENOVO\Videos\kasir\system\Router\Router.php(175): CodeIgniter\Router\Router->autoRoute('home/tabel_user')
#1 C:\Users\LENOVO\Videos\kasir\system\CodeIgniter.php(726): CodeIgniter\Router\Router->handle('home/tabel_user')
#2 C:\Users\LENOVO\Videos\kasir\system\CodeIgniter.php(368): CodeIgniter\CodeIgniter->tryToRouteIt(Object(CodeIgniter\Router\RouteCollection))
#3 C:\Users\LENOVO\Videos\kasir\system\CodeIgniter.php(326): CodeIgniter\CodeIgniter->handleRequest(NULL, Object(Config\Cache), false)
#4 C:\Users\LENOVO\Videos\kasir\public\index.php(37): CodeIgniter\CodeIgniter->run()
#5 C:\Users\LENOVO\Videos\kasir\system\Commands\Server\rewrite.php(43): require_once('C:\\Users\\LENOVO...')
#6 {main}
CRITICAL - 2025-02-19 20:46:51 --> syntax error, unexpected end of file
#0 C:\Users\LENOVO\Videos\kasir\system\Router\Router.php(175): CodeIgniter\Router\Router->autoRoute('home/tabel_user')
#1 C:\Users\LENOVO\Videos\kasir\system\CodeIgniter.php(726): CodeIgniter\Router\Router->handle('home/tabel_user')
#2 C:\Users\LENOVO\Videos\kasir\system\CodeIgniter.php(368): CodeIgniter\CodeIgniter->tryToRouteIt(Object(CodeIgniter\Router\RouteCollection))
#3 C:\Users\LENOVO\Videos\kasir\system\CodeIgniter.php(326): CodeIgniter\CodeIgniter->handleRequest(NULL, Object(Config\Cache), false)
#4 C:\Users\LENOVO\Videos\kasir\public\index.php(37): CodeIgniter\CodeIgniter->run()
#5 C:\Users\LENOVO\Videos\kasir\system\Commands\Server\rewrite.php(43): require_once('C:\\Users\\LENOVO...')
#6 {main}
CRITICAL - 2025-02-19 20:47:00 --> syntax error, unexpected end of file
#0 C:\Users\LENOVO\Videos\kasir\system\Router\Router.php(175): CodeIgniter\Router\Router->autoRoute('home/tabel_user')
#1 C:\Users\LENOVO\Videos\kasir\system\CodeIgniter.php(726): CodeIgniter\Router\Router->handle('home/tabel_user')
#2 C:\Users\LENOVO\Videos\kasir\system\CodeIgniter.php(368): CodeIgniter\CodeIgniter->tryToRouteIt(Object(CodeIgniter\Router\RouteCollection))
#3 C:\Users\LENOVO\Videos\kasir\system\CodeIgniter.php(326): CodeIgniter\CodeIgniter->handleRequest(NULL, Object(Config\Cache), false)
#4 C:\Users\LENOVO\Videos\kasir\public\index.php(37): CodeIgniter\CodeIgniter->run()
#5 C:\Users\LENOVO\Videos\kasir\system\Commands\Server\rewrite.php(43): require_once('C:\\Users\\LENOVO...')
#6 {main}
CRITICAL - 2025-02-19 20:47:10 --> Argument 2 passed to view() must be of the type array, null given, called in C:\Users\LENOVO\Videos\kasir\app\Controllers\Home.php on line 66
#0 C:\Users\LENOVO\Videos\kasir\app\Controllers\Home.php(66): view('header', NULL)
#1 C:\Users\LENOVO\Videos\kasir\system\CodeIgniter.php(832): App\Controllers\Home->tabel_user()
#2 C:\Users\LENOVO\Videos\kasir\system\CodeIgniter.php(419): CodeIgniter\CodeIgniter->runController(Object(App\Controllers\Home))
#3 C:\Users\LENOVO\Videos\kasir\system\CodeIgniter.php(326): CodeIgniter\CodeIgniter->handleRequest(NULL, Object(Config\Cache), false)
#4 C:\Users\LENOVO\Videos\kasir\public\index.php(37): CodeIgniter\CodeIgniter->run()
#5 C:\Users\LENOVO\Videos\kasir\system\Commands\Server\rewrite.php(43): require_once('C:\\Users\\LENOVO...')
#6 {main}
CRITICAL - 2025-02-19 20:47:49 --> Argument 2 passed to view() must be of the type array, null given, called in C:\Users\LENOVO\Videos\kasir\app\Controllers\Home.php on line 66
#0 C:\Users\LENOVO\Videos\kasir\app\Controllers\Home.php(66): view('header', NULL)
#1 C:\Users\LENOVO\Videos\kasir\system\CodeIgniter.php(832): App\Controllers\Home->tabel_user()
#2 C:\Users\LENOVO\Videos\kasir\system\CodeIgniter.php(419): CodeIgniter\CodeIgniter->runController(Object(App\Controllers\Home))
#3 C:\Users\LENOVO\Videos\kasir\system\CodeIgniter.php(326): CodeIgniter\CodeIgniter->handleRequest(NULL, Object(Config\Cache), false)
#4 C:\Users\LENOVO\Videos\kasir\public\index.php(37): CodeIgniter\CodeIgniter->run()
#5 C:\Users\LENOVO\Videos\kasir\system\Commands\Server\rewrite.php(43): require_once('C:\\Users\\LENOVO...')
#6 {main}
CRITICAL - 2025-02-19 20:49:37 --> Argument 2 passed to view() must be of the type array, null given, called in C:\Users\LENOVO\Videos\kasir\app\Controllers\Home.php on line 66
#0 C:\Users\LENOVO\Videos\kasir\app\Controllers\Home.php(66): view('header', NULL)
#1 C:\Users\LENOVO\Videos\kasir\system\CodeIgniter.php(832): App\Controllers\Home->tabel_user()
#2 C:\Users\LENOVO\Videos\kasir\system\CodeIgniter.php(419): CodeIgniter\CodeIgniter->runController(Object(App\Controllers\Home))
#3 C:\Users\LENOVO\Videos\kasir\system\CodeIgniter.php(326): CodeIgniter\CodeIgniter->handleRequest(NULL, Object(Config\Cache), false)
#4 C:\Users\LENOVO\Videos\kasir\public\index.php(37): CodeIgniter\CodeIgniter->run()
#5 C:\Users\LENOVO\Videos\kasir\system\Commands\Server\rewrite.php(43): require_once('C:\\Users\\LENOVO...')
#6 {main}
